{
  "generatedAt": "2026-02-11T13:56:24.569Z",
  "config": {
    "page": 1,
    "limit": 50,
    "statuses": [
      "Pending",
      "Cooking",
      "Served",
      "WaitingForPayment"
    ],
    "orderType": null,
    "query": null,
    "branchId": null,
    "startDate": null,
    "endDate": null,
    "topItemsLimit": 10
  },
  "reports": [
    {
      "name": "orders.summary.count",
      "sql": "SELECT COUNT(*)::int AS total\n    FROM sales_orders o\n    LEFT JOIN tables t ON t.id = o.table_id\n    LEFT JOIN delivery d ON d.id = o.delivery_id\n    WHERE o.status::text = ANY($1)",
      "params": [
        [
          "Pending",
          "Cooking",
          "Served",
          "WaitingForPayment"
        ]
      ],
      "summary": {
        "executionTimeMs": 0.157,
        "planningTimeMs": 1.305,
        "sharedHitBlocks": 12,
        "sharedReadBlocks": 0,
        "planRows": 1,
        "actualRows": 1,
        "nodeType": "Aggregate"
      },
      "plan": [
        {
          "Plan": {
            "Node Type": "Aggregate",
            "Strategy": "Plain",
            "Partial Mode": "Simple",
            "Parallel Aware": false,
            "Async Capable": false,
            "Startup Cost": 1.37,
            "Total Cost": 1.38,
            "Plan Rows": 1,
            "Plan Width": 4,
            "Actual Startup Time": 0.074,
            "Actual Total Time": 0.075,
            "Actual Rows": 1,
            "Actual Loops": 1,
            "Shared Hit Blocks": 12,
            "Shared Read Blocks": 0,
            "Shared Dirtied Blocks": 0,
            "Shared Written Blocks": 0,
            "Local Hit Blocks": 0,
            "Local Read Blocks": 0,
            "Local Dirtied Blocks": 0,
            "Local Written Blocks": 0,
            "Temp Read Blocks": 0,
            "Temp Written Blocks": 0,
            "Shared I/O Read Time": 0,
            "Shared I/O Write Time": 0,
            "Local I/O Read Time": 0,
            "Local I/O Write Time": 0,
            "Temp I/O Read Time": 0,
            "Temp I/O Write Time": 0,
            "Plans": [
              {
                "Node Type": "Seq Scan",
                "Parent Relationship": "Outer",
                "Parallel Aware": false,
                "Async Capable": false,
                "Relation Name": "sales_orders",
                "Alias": "o",
                "Startup Cost": 0,
                "Total Cost": 1.36,
                "Plan Rows": 4,
                "Plan Width": 0,
                "Actual Startup Time": 0.062,
                "Actual Total Time": 0.07,
                "Actual Rows": 6,
                "Actual Loops": 1,
                "Filter": "((status)::text = ANY ('{Pending,Cooking,Served,WaitingForPayment}'::text[]))",
                "Rows Removed by Filter": 13,
                "Shared Hit Blocks": 12,
                "Shared Read Blocks": 0,
                "Shared Dirtied Blocks": 0,
                "Shared Written Blocks": 0,
                "Local Hit Blocks": 0,
                "Local Read Blocks": 0,
                "Local Dirtied Blocks": 0,
                "Local Written Blocks": 0,
                "Temp Read Blocks": 0,
                "Temp Written Blocks": 0,
                "Shared I/O Read Time": 0,
                "Shared I/O Write Time": 0,
                "Local I/O Read Time": 0,
                "Local I/O Write Time": 0,
                "Temp I/O Read Time": 0,
                "Temp I/O Write Time": 0
              }
            ]
          },
          "Planning": {
            "Shared Hit Blocks": 474,
            "Shared Read Blocks": 0,
            "Shared Dirtied Blocks": 0,
            "Shared Written Blocks": 0,
            "Local Hit Blocks": 0,
            "Local Read Blocks": 0,
            "Local Dirtied Blocks": 0,
            "Local Written Blocks": 0,
            "Temp Read Blocks": 0,
            "Temp Written Blocks": 0,
            "Shared I/O Read Time": 0,
            "Shared I/O Write Time": 0,
            "Local I/O Read Time": 0,
            "Local I/O Write Time": 0,
            "Temp I/O Read Time": 0,
            "Temp I/O Write Time": 0
          },
          "Planning Time": 1.305,
          "Triggers": [],
          "Execution Time": 0.157
        }
      ]
    },
    {
      "name": "orders.summary.data",
      "sql": "WITH base_orders AS (\n      SELECT\n        o.id,\n        o.order_no,\n        o.order_type,\n        o.status,\n        o.create_date,\n        o.total_amount,\n        o.delivery_code,\n        o.table_id,\n        o.delivery_id,\n        t.table_name AS table_name,\n        d.delivery_name AS delivery_name\n      FROM sales_orders o\n      LEFT JOIN tables t ON t.id = o.table_id\n      LEFT JOIN delivery d ON d.id = o.delivery_id\n      WHERE o.status::text = ANY($1)\n      ORDER BY o.create_date DESC\n      LIMIT $2 OFFSET $3\n    ),\n    item_agg_raw AS (\n      SELECT\n        i.order_id,\n        c.display_name AS category_name,\n        SUM(i.quantity)::int AS qty\n      FROM sales_order_item i\n      INNER JOIN base_orders bo ON bo.id = i.order_id\n      LEFT JOIN products p ON p.id = i.product_id\n      LEFT JOIN category c ON c.id = p.category_id\n      WHERE i.status::text NOT IN ('Cancelled', 'cancelled')\n      GROUP BY i.order_id, c.display_name\n    ),\n    item_agg AS (\n      SELECT\n        order_id,\n        jsonb_object_agg(category_name, qty) FILTER (WHERE category_name IS NOT NULL) AS items_summary,\n        SUM(qty)::int AS items_count\n      FROM item_agg_raw\n      GROUP BY order_id\n    )\n    SELECT\n      bo.id,\n      bo.order_no,\n      bo.order_type,\n      bo.status,\n      bo.create_date,\n      bo.total_amount,\n      bo.delivery_code,\n      bo.table_id,\n      bo.delivery_id,\n      bo.table_name,\n      bo.delivery_name,\n      COALESCE(ia.items_summary, '{}'::jsonb) AS items_summary,\n      COALESCE(ia.items_count, 0) AS items_count\n    FROM base_orders bo\n    LEFT JOIN item_agg ia ON ia.order_id = bo.id\n    ORDER BY bo.create_date DESC",
      "params": [
        [
          "Pending",
          "Cooking",
          "Served",
          "WaitingForPayment"
        ],
        50,
        0
      ],
      "summary": {
        "executionTimeMs": 0.528,
        "planningTimeMs": 1.502,
        "sharedHitBlocks": 58,
        "sharedReadBlocks": 0,
        "planRows": 4,
        "actualRows": 6,
        "nodeType": "Sort"
      },
      "plan": [
        {
          "Plan": {
            "Node Type": "Sort",
            "Parallel Aware": false,
            "Async Capable": false,
            "Startup Cost": 42,
            "Total Cost": 42.01,
            "Plan Rows": 4,
            "Plan Width": 1398,
            "Actual Startup Time": 0.339,
            "Actual Total Time": 0.344,
            "Actual Rows": 6,
            "Actual Loops": 1,
            "Sort Key": [
              "bo.create_date DESC"
            ],
            "Sort Method": "quicksort",
            "Sort Space Used": 26,
            "Sort Space Type": "Memory",
            "Shared Hit Blocks": 58,
            "Shared Read Blocks": 0,
            "Shared Dirtied Blocks": 0,
            "Shared Written Blocks": 0,
            "Local Hit Blocks": 0,
            "Local Read Blocks": 0,
            "Local Dirtied Blocks": 0,
            "Local Written Blocks": 0,
            "Temp Read Blocks": 0,
            "Temp Written Blocks": 0,
            "Shared I/O Read Time": 0,
            "Shared I/O Write Time": 0,
            "Local I/O Read Time": 0,
            "Local I/O Write Time": 0,
            "Temp I/O Read Time": 0,
            "Temp I/O Write Time": 0,
            "Plans": [
              {
                "Node Type": "Limit",
                "Parent Relationship": "InitPlan",
                "Subplan Name": "CTE base_orders",
                "Parallel Aware": false,
                "Async Capable": false,
                "Startup Cost": 24.61,
                "Total Cost": 24.62,
                "Plan Rows": 4,
                "Plan Width": 1128,
                "Actual Startup Time": 0.09,
                "Actual Total Time": 0.093,
                "Actual Rows": 6,
                "Actual Loops": 1,
                "Shared Hit Blocks": 4,
                "Shared Read Blocks": 0,
                "Shared Dirtied Blocks": 0,
                "Shared Written Blocks": 0,
                "Local Hit Blocks": 0,
                "Local Read Blocks": 0,
                "Local Dirtied Blocks": 0,
                "Local Written Blocks": 0,
                "Temp Read Blocks": 0,
                "Temp Written Blocks": 0,
                "Shared I/O Read Time": 0,
                "Shared I/O Write Time": 0,
                "Local I/O Read Time": 0,
                "Local I/O Write Time": 0,
                "Temp I/O Read Time": 0,
                "Temp I/O Write Time": 0,
                "Plans": [
                  {
                    "Node Type": "Sort",
                    "Parent Relationship": "Outer",
                    "Parallel Aware": false,
                    "Async Capable": false,
                    "Startup Cost": 24.61,
                    "Total Cost": 24.62,
                    "Plan Rows": 4,
                    "Plan Width": 1128,
                    "Actual Startup Time": 0.089,
                    "Actual Total Time": 0.092,
                    "Actual Rows": 6,
                    "Actual Loops": 1,
                    "Sort Key": [
                      "o.create_date DESC"
                    ],
                    "Sort Method": "quicksort",
                    "Sort Space Used": 25,
                    "Sort Space Type": "Memory",
                    "Shared Hit Blocks": 4,
                    "Shared Read Blocks": 0,
                    "Shared Dirtied Blocks": 0,
                    "Shared Written Blocks": 0,
                    "Local Hit Blocks": 0,
                    "Local Read Blocks": 0,
                    "Local Dirtied Blocks": 0,
                    "Local Written Blocks": 0,
                    "Temp Read Blocks": 0,
                    "Temp Written Blocks": 0,
                    "Shared I/O Read Time": 0,
                    "Shared I/O Write Time": 0,
                    "Local I/O Read Time": 0,
                    "Local I/O Write Time": 0,
                    "Temp I/O Read Time": 0,
                    "Temp I/O Write Time": 0,
                    "Plans": [
                      {
                        "Node Type": "Nested Loop",
                        "Parent Relationship": "Outer",
                        "Parallel Aware": false,
                        "Async Capable": false,
                        "Join Type": "Left",
                        "Startup Cost": 1.56,
                        "Total Cost": 24.57,
                        "Plan Rows": 4,
                        "Plan Width": 1128,
                        "Actual Startup Time": 0.063,
                        "Actual Total Time": 0.08,
                        "Actual Rows": 6,
                        "Actual Loops": 1,
                        "Inner Unique": true,
                        "Shared Hit Blocks": 4,
                        "Shared Read Blocks": 0,
                        "Shared Dirtied Blocks": 0,
                        "Shared Written Blocks": 0,
                        "Local Hit Blocks": 0,
                        "Local Read Blocks": 0,
                        "Local Dirtied Blocks": 0,
                        "Local Written Blocks": 0,
                        "Temp Read Blocks": 0,
                        "Temp Written Blocks": 0,
                        "Shared I/O Read Time": 0,
                        "Shared I/O Write Time": 0,
                        "Local I/O Read Time": 0,
                        "Local I/O Write Time": 0,
                        "Temp I/O Read Time": 0,
                        "Temp I/O Write Time": 0,
                        "Plans": [
                          {
                            "Node Type": "Hash Join",
                            "Parent Relationship": "Outer",
                            "Parallel Aware": false,
                            "Async Capable": false,
                            "Join Type": "Right",
                            "Startup Cost": 1.41,
                            "Total Cost": 13.7,
                            "Plan Rows": 4,
                            "Plan Width": 612,
                            "Actual Startup Time": 0.055,
                            "Actual Total Time": 0.062,
                            "Actual Rows": 6,
                            "Actual Loops": 1,
                            "Inner Unique": false,
                            "Hash Cond": "(t.id = o.table_id)",
                            "Shared Hit Blocks": 2,
                            "Shared Read Blocks": 0,
                            "Shared Dirtied Blocks": 0,
                            "Shared Written Blocks": 0,
                            "Local Hit Blocks": 0,
                            "Local Read Blocks": 0,
                            "Local Dirtied Blocks": 0,
                            "Local Written Blocks": 0,
                            "Temp Read Blocks": 0,
                            "Temp Written Blocks": 0,
                            "Shared I/O Read Time": 0,
                            "Shared I/O Write Time": 0,
                            "Local I/O Read Time": 0,
                            "Local I/O Write Time": 0,
                            "Temp I/O Read Time": 0,
                            "Temp I/O Write Time": 0,
                            "Plans": [
                              {
                                "Node Type": "Seq Scan",
                                "Parent Relationship": "Outer",
                                "Parallel Aware": false,
                                "Async Capable": false,
                                "Relation Name": "tables",
                                "Alias": "t",
                                "Startup Cost": 0,
                                "Total Cost": 11.3,
                                "Plan Rows": 130,
                                "Plan Width": 532,
                                "Actual Startup Time": 0.01,
                                "Actual Total Time": 0.01,
                                "Actual Rows": 3,
                                "Actual Loops": 1,
                                "Shared Hit Blocks": 1,
                                "Shared Read Blocks": 0,
                                "Shared Dirtied Blocks": 0,
                                "Shared Written Blocks": 0,
                                "Local Hit Blocks": 0,
                                "Local Read Blocks": 0,
                                "Local Dirtied Blocks": 0,
                                "Local Written Blocks": 0,
                                "Temp Read Blocks": 0,
                                "Temp Written Blocks": 0,
                                "Shared I/O Read Time": 0,
                                "Shared I/O Write Time": 0,
                                "Local I/O Read Time": 0,
                                "Local I/O Write Time": 0,
                                "Temp I/O Read Time": 0,
                                "Temp I/O Write Time": 0
                              },
                              {
                                "Node Type": "Hash",
                                "Parent Relationship": "Inner",
                                "Parallel Aware": false,
                                "Async Capable": false,
                                "Startup Cost": 1.36,
                                "Total Cost": 1.36,
                                "Plan Rows": 4,
                                "Plan Width": 96,
                                "Actual Startup Time": 0.034,
                                "Actual Total Time": 0.035,
                                "Actual Rows": 6,
                                "Actual Loops": 1,
                                "Hash Buckets": 1024,
                                "Original Hash Buckets": 1024,
                                "Hash Batches": 1,
                                "Original Hash Batches": 1,
                                "Peak Memory Usage": 9,
                                "Shared Hit Blocks": 1,
                                "Shared Read Blocks": 0,
                                "Shared Dirtied Blocks": 0,
                                "Shared Written Blocks": 0,
                                "Local Hit Blocks": 0,
                                "Local Read Blocks": 0,
                                "Local Dirtied Blocks": 0,
                                "Local Written Blocks": 0,
                                "Temp Read Blocks": 0,
                                "Temp Written Blocks": 0,
                                "Shared I/O Read Time": 0,
                                "Shared I/O Write Time": 0,
                                "Local I/O Read Time": 0,
                                "Local I/O Write Time": 0,
                                "Temp I/O Read Time": 0,
                                "Temp I/O Write Time": 0,
                                "Plans": [
                                  {
                                    "Node Type": "Seq Scan",
                                    "Parent Relationship": "Outer",
                                    "Parallel Aware": false,
                                    "Async Capable": false,
                                    "Relation Name": "sales_orders",
                                    "Alias": "o",
                                    "Startup Cost": 0,
                                    "Total Cost": 1.36,
                                    "Plan Rows": 4,
                                    "Plan Width": 96,
                                    "Actual Startup Time": 0.022,
                                    "Actual Total Time": 0.028,
                                    "Actual Rows": 6,
                                    "Actual Loops": 1,
                                    "Filter": "((status)::text = ANY ('{Pending,Cooking,Served,WaitingForPayment}'::text[]))",
                                    "Rows Removed by Filter": 13,
                                    "Shared Hit Blocks": 1,
                                    "Shared Read Blocks": 0,
                                    "Shared Dirtied Blocks": 0,
                                    "Shared Written Blocks": 0,
                                    "Local Hit Blocks": 0,
                                    "Local Read Blocks": 0,
                                    "Local Dirtied Blocks": 0,
                                    "Local Written Blocks": 0,
                                    "Temp Read Blocks": 0,
                                    "Temp Written Blocks": 0,
                                    "Shared I/O Read Time": 0,
                                    "Shared I/O Write Time": 0,
                                    "Local I/O Read Time": 0,
                                    "Local I/O Write Time": 0,
                                    "Temp I/O Read Time": 0,
                                    "Temp I/O Write Time": 0
                                  }
                                ]
                              }
                            ]
                          },
                          {
                            "Node Type": "Memoize",
                            "Parent Relationship": "Inner",
                            "Parallel Aware": false,
                            "Async Capable": false,
                            "Startup Cost": 0.15,
                            "Total Cost": 6.17,
                            "Plan Rows": 1,
                            "Plan Width": 532,
                            "Actual Startup Time": 0.002,
                            "Actual Total Time": 0.002,
                            "Actual Rows": 0,
                            "Actual Loops": 6,
                            "Cache Key": "o.delivery_id",
                            "Cache Mode": "logical",
                            "Cache Hits": 4,
                            "Cache Misses": 2,
                            "Cache Evictions": 0,
                            "Cache Overflows": 0,
                            "Peak Memory Usage": 1,
                            "Shared Hit Blocks": 2,
                            "Shared Read Blocks": 0,
                            "Shared Dirtied Blocks": 0,
                            "Shared Written Blocks": 0,
                            "Local Hit Blocks": 0,
                            "Local Read Blocks": 0,
                            "Local Dirtied Blocks": 0,
                            "Local Written Blocks": 0,
                            "Temp Read Blocks": 0,
                            "Temp Written Blocks": 0,
                            "Shared I/O Read Time": 0,
                            "Shared I/O Write Time": 0,
                            "Local I/O Read Time": 0,
                            "Local I/O Write Time": 0,
                            "Temp I/O Read Time": 0,
                            "Temp I/O Write Time": 0,
                            "Plans": [
                              {
                                "Node Type": "Index Scan",
                                "Parent Relationship": "Outer",
                                "Parallel Aware": false,
                                "Async Capable": false,
                                "Scan Direction": "Forward",
                                "Index Name": "PK_ffad7bf84e68716cd9af89003b0",
                                "Relation Name": "delivery",
                                "Alias": "d",
                                "Startup Cost": 0.14,
                                "Total Cost": 6.16,
                                "Plan Rows": 1,
                                "Plan Width": 532,
                                "Actual Startup Time": 0.004,
                                "Actual Total Time": 0.004,
                                "Actual Rows": 0,
                                "Actual Loops": 2,
                                "Index Cond": "(id = o.delivery_id)",
                                "Rows Removed by Index Recheck": 0,
                                "Shared Hit Blocks": 2,
                                "Shared Read Blocks": 0,
                                "Shared Dirtied Blocks": 0,
                                "Shared Written Blocks": 0,
                                "Local Hit Blocks": 0,
                                "Local Read Blocks": 0,
                                "Local Dirtied Blocks": 0,
                                "Local Written Blocks": 0,
                                "Temp Read Blocks": 0,
                                "Temp Written Blocks": 0,
                                "Shared I/O Read Time": 0,
                                "Shared I/O Write Time": 0,
                                "Local I/O Read Time": 0,
                                "Local I/O Write Time": 0,
                                "Temp I/O Read Time": 0,
                                "Temp I/O Write Time": 0
                              }
                            ]
                          }
                        ]
                      }
                    ]
                  }
                ]
              },
              {
                "Node Type": "Hash Join",
                "Parent Relationship": "Outer",
                "Parallel Aware": false,
                "Async Capable": false,
                "Join Type": "Right",
                "Startup Cost": 16.81,
                "Total Cost": 17.34,
                "Plan Rows": 4,
                "Plan Width": 1398,
                "Actual Startup Time": 0.295,
                "Actual Total Time": 0.304,
                "Actual Rows": 6,
                "Actual Loops": 1,
                "Inner Unique": false,
                "Hash Cond": "(i.order_id = bo.id)",
                "Shared Hit Blocks": 55,
                "Shared Read Blocks": 0,
                "Shared Dirtied Blocks": 0,
                "Shared Written Blocks": 0,
                "Local Hit Blocks": 0,
                "Local Read Blocks": 0,
                "Local Dirtied Blocks": 0,
                "Local Written Blocks": 0,
                "Temp Read Blocks": 0,
                "Temp Written Blocks": 0,
                "Shared I/O Read Time": 0,
                "Shared I/O Write Time": 0,
                "Local I/O Read Time": 0,
                "Local I/O Write Time": 0,
                "Temp I/O Read Time": 0,
                "Temp I/O Write Time": 0,
                "Plans": [
                  {
                    "Node Type": "Aggregate",
                    "Strategy": "Hashed",
                    "Partial Mode": "Simple",
                    "Parent Relationship": "Outer",
                    "Parallel Aware": false,
                    "Async Capable": false,
                    "Startup Cost": 16.68,
                    "Total Cost": 16.93,
                    "Plan Rows": 17,
                    "Plan Width": 52,
                    "Actual Startup Time": 0.19,
                    "Actual Total Time": 0.194,
                    "Actual Rows": 6,
                    "Actual Loops": 1,
                    "Group Key": [
                      "i.order_id"
                    ],
                    "Planned Partitions": 0,
                    "HashAgg Batches": 1,
                    "Peak Memory Usage": 24,
                    "Disk Usage": 0,
                    "Shared Hit Blocks": 51,
                    "Shared Read Blocks": 0,
                    "Shared Dirtied Blocks": 0,
                    "Shared Written Blocks": 0,
                    "Local Hit Blocks": 0,
                    "Local Read Blocks": 0,
                    "Local Dirtied Blocks": 0,
                    "Local Written Blocks": 0,
                    "Temp Read Blocks": 0,
                    "Temp Written Blocks": 0,
                    "Shared I/O Read Time": 0,
                    "Shared I/O Write Time": 0,
                    "Local I/O Read Time": 0,
                    "Local I/O Write Time": 0,
                    "Temp I/O Read Time": 0,
                    "Temp I/O Write Time": 0,
                    "Plans": [
                      {
                        "Node Type": "Aggregate",
                        "Strategy": "Hashed",
                        "Partial Mode": "Simple",
                        "Parent Relationship": "Outer",
                        "Parallel Aware": false,
                        "Async Capable": false,
                        "Startup Cost": 16.34,
                        "Total Cost": 16.55,
                        "Plan Rows": 17,
                        "Plan Width": 238,
                        "Actual Startup Time": 0.158,
                        "Actual Total Time": 0.162,
                        "Actual Rows": 12,
                        "Actual Loops": 1,
                        "Group Key": [
                          "i.order_id",
                          "c.display_name"
                        ],
                        "Planned Partitions": 0,
                        "HashAgg Batches": 1,
                        "Peak Memory Usage": 24,
                        "Disk Usage": 0,
                        "Shared Hit Blocks": 51,
                        "Shared Read Blocks": 0,
                        "Shared Dirtied Blocks": 0,
                        "Shared Written Blocks": 0,
                        "Local Hit Blocks": 0,
                        "Local Read Blocks": 0,
                        "Local Dirtied Blocks": 0,
                        "Local Written Blocks": 0,
                        "Temp Read Blocks": 0,
                        "Temp Written Blocks": 0,
                        "Shared I/O Read Time": 0,
                        "Shared I/O Write Time": 0,
                        "Local I/O Read Time": 0,
                        "Local I/O Write Time": 0,
                        "Temp I/O Read Time": 0,
                        "Temp I/O Write Time": 0,
                        "Plans": [
                          {
                            "Node Type": "Nested Loop",
                            "Parent Relationship": "Outer",
                            "Parallel Aware": false,
                            "Async Capable": false,
                            "Join Type": "Left",
                            "Startup Cost": 0.43,
                            "Total Cost": 16.21,
                            "Plan Rows": 17,
                            "Plan Width": 238,
                            "Actual Startup Time": 0.069,
                            "Actual Total Time": 0.146,
                            "Actual Rows": 18,
                            "Actual Loops": 1,
                            "Inner Unique": true,
                            "Shared Hit Blocks": 51,
                            "Shared Read Blocks": 0,
                            "Shared Dirtied Blocks": 0,
                            "Shared Written Blocks": 0,
                            "Local Hit Blocks": 0,
                            "Local Read Blocks": 0,
                            "Local Dirtied Blocks": 0,
                            "Local Written Blocks": 0,
                            "Temp Read Blocks": 0,
                            "Temp Written Blocks": 0,
                            "Shared I/O Read Time": 0,
                            "Shared I/O Write Time": 0,
                            "Local I/O Read Time": 0,
                            "Local I/O Write Time": 0,
                            "Temp I/O Read Time": 0,
                            "Temp I/O Write Time": 0,
                            "Plans": [
                              {
                                "Node Type": "Nested Loop",
                                "Parent Relationship": "Outer",
                                "Parallel Aware": false,
                                "Async Capable": false,
                                "Join Type": "Left",
                                "Startup Cost": 0.28,
                                "Total Cost": 6.64,
                                "Plan Rows": 17,
                                "Plan Width": 36,
                                "Actual Startup Time": 0.058,
                                "Actual Total Time": 0.114,
                                "Actual Rows": 18,
                                "Actual Loops": 1,
                                "Inner Unique": true,
                                "Shared Hit Blocks": 15,
                                "Shared Read Blocks": 0,
                                "Shared Dirtied Blocks": 0,
                                "Shared Written Blocks": 0,
                                "Local Hit Blocks": 0,
                                "Local Read Blocks": 0,
                                "Local Dirtied Blocks": 0,
                                "Local Written Blocks": 0,
                                "Temp Read Blocks": 0,
                                "Temp Written Blocks": 0,
                                "Shared I/O Read Time": 0,
                                "Shared I/O Write Time": 0,
                                "Local I/O Read Time": 0,
                                "Local I/O Write Time": 0,
                                "Temp I/O Read Time": 0,
                                "Temp I/O Write Time": 0,
                                "Plans": [
                                  {
                                    "Node Type": "Hash Join",
                                    "Parent Relationship": "Outer",
                                    "Parallel Aware": false,
                                    "Async Capable": false,
                                    "Join Type": "Inner",
                                    "Startup Cost": 0.13,
                                    "Total Cost": 2.65,
                                    "Plan Rows": 17,
                                    "Plan Width": 36,
                                    "Actual Startup Time": 0.048,
                                    "Actual Total Time": 0.09,
                                    "Actual Rows": 18,
                                    "Actual Loops": 1,
                                    "Inner Unique": false,
                                    "Hash Cond": "(i.order_id = bo_1.id)",
                                    "Shared Hit Blocks": 9,
                                    "Shared Read Blocks": 0,
                                    "Shared Dirtied Blocks": 0,
                                    "Shared Written Blocks": 0,
                                    "Local Hit Blocks": 0,
                                    "Local Read Blocks": 0,
                                    "Local Dirtied Blocks": 0,
                                    "Local Written Blocks": 0,
                                    "Temp Read Blocks": 0,
                                    "Temp Written Blocks": 0,
                                    "Shared I/O Read Time": 0,
                                    "Shared I/O Write Time": 0,
                                    "Local I/O Read Time": 0,
                                    "Local I/O Write Time": 0,
                                    "Temp I/O Read Time": 0,
                                    "Temp I/O Write Time": 0,
                                    "Plans": [
                                      {
                                        "Node Type": "Seq Scan",
                                        "Parent Relationship": "Outer",
                                        "Parallel Aware": false,
                                        "Async Capable": false,
                                        "Relation Name": "sales_order_item",
                                        "Alias": "i",
                                        "Startup Cost": 0,
                                        "Total Cost": 2.12,
                                        "Plan Rows": 62,
                                        "Plan Width": 36,
                                        "Actual Startup Time": 0.028,
                                        "Actual Total Time": 0.068,
                                        "Actual Rows": 58,
                                        "Actual Loops": 1,
                                        "Filter": "((status)::text <> ALL ('{Cancelled,cancelled}'::text[]))",
                                        "Rows Removed by Filter": 12,
                                        "Shared Hit Blocks": 9,
                                        "Shared Read Blocks": 0,
                                        "Shared Dirtied Blocks": 0,
                                        "Shared Written Blocks": 0,
                                        "Local Hit Blocks": 0,
                                        "Local Read Blocks": 0,
                                        "Local Dirtied Blocks": 0,
                                        "Local Written Blocks": 0,
                                        "Temp Read Blocks": 0,
                                        "Temp Written Blocks": 0,
                                        "Shared I/O Read Time": 0,
                                        "Shared I/O Write Time": 0,
                                        "Local I/O Read Time": 0,
                                        "Local I/O Write Time": 0,
                                        "Temp I/O Read Time": 0,
                                        "Temp I/O Write Time": 0
                                      },
                                      {
                                        "Node Type": "Hash",
                                        "Parent Relationship": "Inner",
                                        "Parallel Aware": false,
                                        "Async Capable": false,
                                        "Startup Cost": 0.08,
                                        "Total Cost": 0.08,
                                        "Plan Rows": 4,
                                        "Plan Width": 16,
                                        "Actual Startup Time": 0.004,
                                        "Actual Total Time": 0.004,
                                        "Actual Rows": 6,
                                        "Actual Loops": 1,
                                        "Hash Buckets": 1024,
                                        "Original Hash Buckets": 1024,
                                        "Hash Batches": 1,
                                        "Original Hash Batches": 1,
                                        "Peak Memory Usage": 9,
                                        "Shared Hit Blocks": 0,
                                        "Shared Read Blocks": 0,
                                        "Shared Dirtied Blocks": 0,
                                        "Shared Written Blocks": 0,
                                        "Local Hit Blocks": 0,
                                        "Local Read Blocks": 0,
                                        "Local Dirtied Blocks": 0,
                                        "Local Written Blocks": 0,
                                        "Temp Read Blocks": 0,
                                        "Temp Written Blocks": 0,
                                        "Shared I/O Read Time": 0,
                                        "Shared I/O Write Time": 0,
                                        "Local I/O Read Time": 0,
                                        "Local I/O Write Time": 0,
                                        "Temp I/O Read Time": 0,
                                        "Temp I/O Write Time": 0,
                                        "Plans": [
                                          {
                                            "Node Type": "CTE Scan",
                                            "Parent Relationship": "Outer",
                                            "Parallel Aware": false,
                                            "Async Capable": false,
                                            "CTE Name": "base_orders",
                                            "Alias": "bo_1",
                                            "Startup Cost": 0,
                                            "Total Cost": 0.08,
                                            "Plan Rows": 4,
                                            "Plan Width": 16,
                                            "Actual Startup Time": 0,
                                            "Actual Total Time": 0.001,
                                            "Actual Rows": 6,
                                            "Actual Loops": 1,
                                            "Shared Hit Blocks": 0,
                                            "Shared Read Blocks": 0,
                                            "Shared Dirtied Blocks": 0,
                                            "Shared Written Blocks": 0,
                                            "Local Hit Blocks": 0,
                                            "Local Read Blocks": 0,
                                            "Local Dirtied Blocks": 0,
                                            "Local Written Blocks": 0,
                                            "Temp Read Blocks": 0,
                                            "Temp Written Blocks": 0,
                                            "Shared I/O Read Time": 0,
                                            "Shared I/O Write Time": 0,
                                            "Local I/O Read Time": 0,
                                            "Local I/O Write Time": 0,
                                            "Temp I/O Read Time": 0,
                                            "Temp I/O Write Time": 0
                                          }
                                        ]
                                      }
                                    ]
                                  },
                                  {
                                    "Node Type": "Memoize",
                                    "Parent Relationship": "Inner",
                                    "Parallel Aware": false,
                                    "Async Capable": false,
                                    "Startup Cost": 0.15,
                                    "Total Cost": 0.94,
                                    "Plan Rows": 1,
                                    "Plan Width": 32,
                                    "Actual Startup Time": 0.001,
                                    "Actual Total Time": 0.001,
                                    "Actual Rows": 1,
                                    "Actual Loops": 18,
                                    "Cache Key": "i.product_id",
                                    "Cache Mode": "logical",
                                    "Cache Hits": 15,
                                    "Cache Misses": 3,
                                    "Cache Evictions": 0,
                                    "Cache Overflows": 0,
                                    "Peak Memory Usage": 1,
                                    "Shared Hit Blocks": 6,
                                    "Shared Read Blocks": 0,
                                    "Shared Dirtied Blocks": 0,
                                    "Shared Written Blocks": 0,
                                    "Local Hit Blocks": 0,
                                    "Local Read Blocks": 0,
                                    "Local Dirtied Blocks": 0,
                                    "Local Written Blocks": 0,
                                    "Temp Read Blocks": 0,
                                    "Temp Written Blocks": 0,
                                    "Shared I/O Read Time": 0,
                                    "Shared I/O Write Time": 0,
                                    "Local I/O Read Time": 0,
                                    "Local I/O Write Time": 0,
                                    "Temp I/O Read Time": 0,
                                    "Temp I/O Write Time": 0,
                                    "Plans": [
                                      {
                                        "Node Type": "Index Scan",
                                        "Parent Relationship": "Outer",
                                        "Parallel Aware": false,
                                        "Async Capable": false,
                                        "Scan Direction": "Forward",
                                        "Index Name": "PK_0806c755e0aca124e67c0cf6d7d",
                                        "Relation Name": "products",
                                        "Alias": "p",
                                        "Startup Cost": 0.14,
                                        "Total Cost": 0.93,
                                        "Plan Rows": 1,
                                        "Plan Width": 32,
                                        "Actual Startup Time": 0.004,
                                        "Actual Total Time": 0.004,
                                        "Actual Rows": 1,
                                        "Actual Loops": 3,
                                        "Index Cond": "(id = i.product_id)",
                                        "Rows Removed by Index Recheck": 0,
                                        "Shared Hit Blocks": 6,
                                        "Shared Read Blocks": 0,
                                        "Shared Dirtied Blocks": 0,
                                        "Shared Written Blocks": 0,
                                        "Local Hit Blocks": 0,
                                        "Local Read Blocks": 0,
                                        "Local Dirtied Blocks": 0,
                                        "Local Written Blocks": 0,
                                        "Temp Read Blocks": 0,
                                        "Temp Written Blocks": 0,
                                        "Shared I/O Read Time": 0,
                                        "Shared I/O Write Time": 0,
                                        "Local I/O Read Time": 0,
                                        "Local I/O Write Time": 0,
                                        "Temp I/O Read Time": 0,
                                        "Temp I/O Write Time": 0
                                      }
                                    ]
                                  }
                                ]
                              },
                              {
                                "Node Type": "Index Scan",
                                "Parent Relationship": "Inner",
                                "Parallel Aware": false,
                                "Async Capable": false,
                                "Scan Direction": "Forward",
                                "Index Name": "PK_9c4e4a89e3674fc9f382d733f03",
                                "Relation Name": "category",
                                "Alias": "c",
                                "Startup Cost": 0.14,
                                "Total Cost": 0.56,
                                "Plan Rows": 1,
                                "Plan Width": 234,
                                "Actual Startup Time": 0.001,
                                "Actual Total Time": 0.001,
                                "Actual Rows": 1,
                                "Actual Loops": 18,
                                "Index Cond": "(id = p.category_id)",
                                "Rows Removed by Index Recheck": 0,
                                "Shared Hit Blocks": 36,
                                "Shared Read Blocks": 0,
                                "Shared Dirtied Blocks": 0,
                                "Shared Written Blocks": 0,
                                "Local Hit Blocks": 0,
                                "Local Read Blocks": 0,
                                "Local Dirtied Blocks": 0,
                                "Local Written Blocks": 0,
                                "Temp Read Blocks": 0,
                                "Temp Written Blocks": 0,
                                "Shared I/O Read Time": 0,
                                "Shared I/O Write Time": 0,
                                "Local I/O Read Time": 0,
                                "Local I/O Write Time": 0,
                                "Temp I/O Read Time": 0,
                                "Temp I/O Write Time": 0
                              }
                            ]
                          }
                        ]
                      }
                    ]
                  },
                  {
                    "Node Type": "Hash",
                    "Parent Relationship": "Inner",
                    "Parallel Aware": false,
                    "Async Capable": false,
                    "Startup Cost": 0.08,
                    "Total Cost": 0.08,
                    "Plan Rows": 4,
                    "Plan Width": 1362,
                    "Actual Startup Time": 0.096,
                    "Actual Total Time": 0.096,
                    "Actual Rows": 6,
                    "Actual Loops": 1,
                    "Hash Buckets": 1024,
                    "Original Hash Buckets": 1024,
                    "Hash Batches": 1,
                    "Original Hash Batches": 1,
                    "Peak Memory Usage": 9,
                    "Shared Hit Blocks": 4,
                    "Shared Read Blocks": 0,
                    "Shared Dirtied Blocks": 0,
                    "Shared Written Blocks": 0,
                    "Local Hit Blocks": 0,
                    "Local Read Blocks": 0,
                    "Local Dirtied Blocks": 0,
                    "Local Written Blocks": 0,
                    "Temp Read Blocks": 0,
                    "Temp Written Blocks": 0,
                    "Shared I/O Read Time": 0,
                    "Shared I/O Write Time": 0,
                    "Local I/O Read Time": 0,
                    "Local I/O Write Time": 0,
                    "Temp I/O Read Time": 0,
                    "Temp I/O Write Time": 0,
                    "Plans": [
                      {
                        "Node Type": "CTE Scan",
                        "Parent Relationship": "Outer",
                        "Parallel Aware": false,
                        "Async Capable": false,
                        "CTE Name": "base_orders",
                        "Alias": "bo",
                        "Startup Cost": 0,
                        "Total Cost": 0.08,
                        "Plan Rows": 4,
                        "Plan Width": 1362,
                        "Actual Startup Time": 0.091,
                        "Actual Total Time": 0.093,
                        "Actual Rows": 6,
                        "Actual Loops": 1,
                        "Shared Hit Blocks": 4,
                        "Shared Read Blocks": 0,
                        "Shared Dirtied Blocks": 0,
                        "Shared Written Blocks": 0,
                        "Local Hit Blocks": 0,
                        "Local Read Blocks": 0,
                        "Local Dirtied Blocks": 0,
                        "Local Written Blocks": 0,
                        "Temp Read Blocks": 0,
                        "Temp Written Blocks": 0,
                        "Shared I/O Read Time": 0,
                        "Shared I/O Write Time": 0,
                        "Local I/O Read Time": 0,
                        "Local I/O Write Time": 0,
                        "Temp I/O Read Time": 0,
                        "Temp I/O Write Time": 0
                      }
                    ]
                  }
                ]
              }
            ]
          },
          "Planning": {
            "Shared Hit Blocks": 332,
            "Shared Read Blocks": 0,
            "Shared Dirtied Blocks": 0,
            "Shared Written Blocks": 0,
            "Local Hit Blocks": 0,
            "Local Read Blocks": 0,
            "Local Dirtied Blocks": 0,
            "Local Written Blocks": 0,
            "Temp Read Blocks": 0,
            "Temp Written Blocks": 0,
            "Shared I/O Read Time": 0,
            "Shared I/O Write Time": 0,
            "Local I/O Read Time": 0,
            "Local I/O Write Time": 0,
            "Temp I/O Read Time": 0,
            "Temp I/O Write Time": 0
          },
          "Planning Time": 1.502,
          "Triggers": [],
          "Execution Time": 0.528
        }
      ]
    },
    {
      "name": "dashboard.sales.summary",
      "sql": "SELECT *\n    FROM sales_summary_view\n    \n    ORDER BY date DESC",
      "params": [],
      "summary": {
        "executionTimeMs": 1.741,
        "planningTimeMs": 1.118,
        "sharedHitBlocks": 4,
        "sharedReadBlocks": 0,
        "planRows": 11,
        "actualRows": 5,
        "nodeType": "Sort"
      },
      "plan": [
        {
          "Plan": {
            "Node Type": "Sort",
            "Parallel Aware": false,
            "Async Capable": false,
            "Startup Cost": 32.96,
            "Total Cost": 32.99,
            "Plan Rows": 11,
            "Plan Width": 248,
            "Actual Startup Time": 1.641,
            "Actual Total Time": 1.645,
            "Actual Rows": 5,
            "Actual Loops": 1,
            "Sort Key": [
              "(date(o.create_date)) DESC"
            ],
            "Sort Method": "quicksort",
            "Sort Space Used": 25,
            "Sort Space Type": "Memory",
            "Shared Hit Blocks": 4,
            "Shared Read Blocks": 0,
            "Shared Dirtied Blocks": 0,
            "Shared Written Blocks": 0,
            "Local Hit Blocks": 0,
            "Local Read Blocks": 0,
            "Local Dirtied Blocks": 0,
            "Local Written Blocks": 0,
            "Temp Read Blocks": 0,
            "Temp Written Blocks": 0,
            "Shared I/O Read Time": 0,
            "Shared I/O Write Time": 0,
            "Local I/O Read Time": 0,
            "Local I/O Write Time": 0,
            "Temp I/O Read Time": 0,
            "Temp I/O Write Time": 0,
            "Plans": [
              {
                "Node Type": "Merge Join",
                "Parent Relationship": "Outer",
                "Parallel Aware": false,
                "Async Capable": false,
                "Join Type": "Left",
                "Startup Cost": 31.47,
                "Total Cost": 32.77,
                "Plan Rows": 11,
                "Plan Width": 248,
                "Actual Startup Time": 1.587,
                "Actual Total Time": 1.637,
                "Actual Rows": 5,
                "Actual Loops": 1,
                "Inner Unique": true,
                "Merge Cond": "((o.branch_id = o_1.branch_id) AND ((date(o.create_date)) = (date(o_1.create_date))))",
                "Shared Hit Blocks": 4,
                "Shared Read Blocks": 0,
                "Shared Dirtied Blocks": 0,
                "Shared Written Blocks": 0,
                "Local Hit Blocks": 0,
                "Local Read Blocks": 0,
                "Local Dirtied Blocks": 0,
                "Local Written Blocks": 0,
                "Temp Read Blocks": 0,
                "Temp Written Blocks": 0,
                "Shared I/O Read Time": 0,
                "Shared I/O Write Time": 0,
                "Local I/O Read Time": 0,
                "Local I/O Write Time": 0,
                "Temp I/O Read Time": 0,
                "Temp I/O Write Time": 0,
                "Plans": [
                  {
                    "Node Type": "Aggregate",
                    "Strategy": "Sorted",
                    "Partial Mode": "Simple",
                    "Parent Relationship": "Outer",
                    "Parallel Aware": false,
                    "Async Capable": false,
                    "Startup Cost": 1.44,
                    "Total Cost": 1.83,
                    "Plan Rows": 11,
                    "Plan Width": 88,
                    "Actual Startup Time": 0.045,
                    "Actual Total Time": 0.056,
                    "Actual Rows": 5,
                    "Actual Loops": 1,
                    "Group Key": [
                      "o.branch_id",
                      "(date(o.create_date))"
                    ],
                    "Shared Hit Blocks": 1,
                    "Shared Read Blocks": 0,
                    "Shared Dirtied Blocks": 0,
                    "Shared Written Blocks": 0,
                    "Local Hit Blocks": 0,
                    "Local Read Blocks": 0,
                    "Local Dirtied Blocks": 0,
                    "Local Written Blocks": 0,
                    "Temp Read Blocks": 0,
                    "Temp Written Blocks": 0,
                    "Shared I/O Read Time": 0,
                    "Shared I/O Write Time": 0,
                    "Local I/O Read Time": 0,
                    "Local I/O Write Time": 0,
                    "Temp I/O Read Time": 0,
                    "Temp I/O Write Time": 0,
                    "Plans": [
                      {
                        "Node Type": "Sort",
                        "Parent Relationship": "Outer",
                        "Parallel Aware": false,
                        "Async Capable": false,
                        "Startup Cost": 1.44,
                        "Total Cost": 1.47,
                        "Plan Rows": 11,
                        "Plan Width": 29,
                        "Actual Startup Time": 0.035,
                        "Actual Total Time": 0.037,
                        "Actual Rows": 12,
                        "Actual Loops": 1,
                        "Sort Key": [
                          "o.branch_id",
                          "(date(o.create_date))"
                        ],
                        "Sort Method": "quicksort",
                        "Sort Space Used": 25,
                        "Sort Space Type": "Memory",
                        "Shared Hit Blocks": 1,
                        "Shared Read Blocks": 0,
                        "Shared Dirtied Blocks": 0,
                        "Shared Written Blocks": 0,
                        "Local Hit Blocks": 0,
                        "Local Read Blocks": 0,
                        "Local Dirtied Blocks": 0,
                        "Local Written Blocks": 0,
                        "Temp Read Blocks": 0,
                        "Temp Written Blocks": 0,
                        "Shared I/O Read Time": 0,
                        "Shared I/O Write Time": 0,
                        "Local I/O Read Time": 0,
                        "Local I/O Write Time": 0,
                        "Temp I/O Read Time": 0,
                        "Temp I/O Write Time": 0,
                        "Plans": [
                          {
                            "Node Type": "Seq Scan",
                            "Parent Relationship": "Outer",
                            "Parallel Aware": false,
                            "Async Capable": false,
                            "Relation Name": "sales_orders",
                            "Alias": "o",
                            "Startup Cost": 0,
                            "Total Cost": 1.25,
                            "Plan Rows": 11,
                            "Plan Width": 29,
                            "Actual Startup Time": 0.016,
                            "Actual Total Time": 0.024,
                            "Actual Rows": 12,
                            "Actual Loops": 1,
                            "Filter": "(status = ANY ('{Paid,Completed}'::sales_orders_status_enum[]))",
                            "Rows Removed by Filter": 7,
                            "Shared Hit Blocks": 1,
                            "Shared Read Blocks": 0,
                            "Shared Dirtied Blocks": 0,
                            "Shared Written Blocks": 0,
                            "Local Hit Blocks": 0,
                            "Local Read Blocks": 0,
                            "Local Dirtied Blocks": 0,
                            "Local Written Blocks": 0,
                            "Temp Read Blocks": 0,
                            "Temp Written Blocks": 0,
                            "Shared I/O Read Time": 0,
                            "Shared I/O Write Time": 0,
                            "Local I/O Read Time": 0,
                            "Local I/O Write Time": 0,
                            "Temp I/O Read Time": 0,
                            "Temp I/O Write Time": 0
                          }
                        ]
                      }
                    ]
                  },
                  {
                    "Node Type": "Aggregate",
                    "Strategy": "Sorted",
                    "Partial Mode": "Simple",
                    "Parent Relationship": "Inner",
                    "Parallel Aware": false,
                    "Async Capable": false,
                    "Startup Cost": 30.02,
                    "Total Cost": 30.71,
                    "Plan Rows": 11,
                    "Plan Width": 180,
                    "Actual Startup Time": 1.538,
                    "Actual Total Time": 1.574,
                    "Actual Rows": 5,
                    "Actual Loops": 1,
                    "Group Key": [
                      "o_1.branch_id",
                      "(date(o_1.create_date))"
                    ],
                    "Shared Hit Blocks": 3,
                    "Shared Read Blocks": 0,
                    "Shared Dirtied Blocks": 0,
                    "Shared Written Blocks": 0,
                    "Local Hit Blocks": 0,
                    "Local Read Blocks": 0,
                    "Local Dirtied Blocks": 0,
                    "Local Written Blocks": 0,
                    "Temp Read Blocks": 0,
                    "Temp Written Blocks": 0,
                    "Shared I/O Read Time": 0,
                    "Shared I/O Write Time": 0,
                    "Local I/O Read Time": 0,
                    "Local I/O Write Time": 0,
                    "Temp I/O Read Time": 0,
                    "Temp I/O Write Time": 0,
                    "Plans": [
                      {
                        "Node Type": "Sort",
                        "Parent Relationship": "Outer",
                        "Parallel Aware": false,
                        "Async Capable": false,
                        "Startup Cost": 30.02,
                        "Total Cost": 30.05,
                        "Plan Rows": 11,
                        "Plan Width": 476,
                        "Actual Startup Time": 0.099,
                        "Actual Total Time": 0.103,
                        "Actual Rows": 12,
                        "Actual Loops": 1,
                        "Sort Key": [
                          "o_1.branch_id",
                          "(date(o_1.create_date))"
                        ],
                        "Sort Method": "quicksort",
                        "Sort Space Used": 25,
                        "Sort Space Type": "Memory",
                        "Shared Hit Blocks": 3,
                        "Shared Read Blocks": 0,
                        "Shared Dirtied Blocks": 0,
                        "Shared Written Blocks": 0,
                        "Local Hit Blocks": 0,
                        "Local Read Blocks": 0,
                        "Local Dirtied Blocks": 0,
                        "Local Written Blocks": 0,
                        "Temp Read Blocks": 0,
                        "Temp Written Blocks": 0,
                        "Shared I/O Read Time": 0,
                        "Shared I/O Write Time": 0,
                        "Local I/O Read Time": 0,
                        "Local I/O Write Time": 0,
                        "Temp I/O Read Time": 0,
                        "Temp I/O Write Time": 0,
                        "Plans": [
                          {
                            "Node Type": "Nested Loop",
                            "Parent Relationship": "Outer",
                            "Parallel Aware": false,
                            "Async Capable": false,
                            "Join Type": "Left",
                            "Startup Cost": 16.02,
                            "Total Cost": 29.83,
                            "Plan Rows": 11,
                            "Plan Width": 476,
                            "Actual Startup Time": 0.057,
                            "Actual Total Time": 0.093,
                            "Actual Rows": 12,
                            "Actual Loops": 1,
                            "Inner Unique": false,
                            "Join Filter": "(p.order_id = o_1.id)",
                            "Rows Removed by Join Filter": 121,
                            "Shared Hit Blocks": 3,
                            "Shared Read Blocks": 0,
                            "Shared Dirtied Blocks": 0,
                            "Shared Written Blocks": 0,
                            "Local Hit Blocks": 0,
                            "Local Read Blocks": 0,
                            "Local Dirtied Blocks": 0,
                            "Local Written Blocks": 0,
                            "Temp Read Blocks": 0,
                            "Temp Written Blocks": 0,
                            "Shared I/O Read Time": 0,
                            "Shared I/O Write Time": 0,
                            "Local I/O Read Time": 0,
                            "Local I/O Write Time": 0,
                            "Temp I/O Read Time": 0,
                            "Temp I/O Write Time": 0,
                            "Plans": [
                              {
                                "Node Type": "Seq Scan",
                                "Parent Relationship": "Outer",
                                "Parallel Aware": false,
                                "Async Capable": false,
                                "Relation Name": "sales_orders",
                                "Alias": "o_1",
                                "Startup Cost": 0,
                                "Total Cost": 1.23,
                                "Plan Rows": 11,
                                "Plan Width": 44,
                                "Actual Startup Time": 0.003,
                                "Actual Total Time": 0.007,
                                "Actual Rows": 12,
                                "Actual Loops": 1,
                                "Filter": "(status = ANY ('{Paid,Completed}'::sales_orders_status_enum[]))",
                                "Rows Removed by Filter": 7,
                                "Shared Hit Blocks": 1,
                                "Shared Read Blocks": 0,
                                "Shared Dirtied Blocks": 0,
                                "Shared Written Blocks": 0,
                                "Local Hit Blocks": 0,
                                "Local Read Blocks": 0,
                                "Local Dirtied Blocks": 0,
                                "Local Written Blocks": 0,
                                "Temp Read Blocks": 0,
                                "Temp Written Blocks": 0,
                                "Shared I/O Read Time": 0,
                                "Shared I/O Write Time": 0,
                                "Local I/O Read Time": 0,
                                "Local I/O Write Time": 0,
                                "Temp I/O Read Time": 0,
                                "Temp I/O Write Time": 0
                              },
                              {
                                "Node Type": "Materialize",
                                "Parent Relationship": "Inner",
                                "Parallel Aware": false,
                                "Async Capable": false,
                                "Startup Cost": 16.02,
                                "Total Cost": 28.25,
                                "Plan Rows": 2,
                                "Plan Width": 468,
                                "Actual Startup Time": 0.004,
                                "Actual Total Time": 0.005,
                                "Actual Rows": 11,
                                "Actual Loops": 12,
                                "Shared Hit Blocks": 2,
                                "Shared Read Blocks": 0,
                                "Shared Dirtied Blocks": 0,
                                "Shared Written Blocks": 0,
                                "Local Hit Blocks": 0,
                                "Local Read Blocks": 0,
                                "Local Dirtied Blocks": 0,
                                "Local Written Blocks": 0,
                                "Temp Read Blocks": 0,
                                "Temp Written Blocks": 0,
                                "Shared I/O Read Time": 0,
                                "Shared I/O Write Time": 0,
                                "Local I/O Read Time": 0,
                                "Local I/O Write Time": 0,
                                "Temp I/O Read Time": 0,
                                "Temp I/O Write Time": 0,
                                "Plans": [
                                  {
                                    "Node Type": "Hash Join",
                                    "Parent Relationship": "Outer",
                                    "Parallel Aware": false,
                                    "Async Capable": false,
                                    "Join Type": "Right",
                                    "Startup Cost": 16.02,
                                    "Total Cost": 28.24,
                                    "Plan Rows": 2,
                                    "Plan Width": 468,
                                    "Actual Startup Time": 0.045,
                                    "Actual Total Time": 0.052,
                                    "Actual Rows": 11,
                                    "Actual Loops": 1,
                                    "Inner Unique": false,
                                    "Hash Cond": "(pm.id = p.payment_method_id)",
                                    "Shared Hit Blocks": 2,
                                    "Shared Read Blocks": 0,
                                    "Shared Dirtied Blocks": 0,
                                    "Shared Written Blocks": 0,
                                    "Local Hit Blocks": 0,
                                    "Local Read Blocks": 0,
                                    "Local Dirtied Blocks": 0,
                                    "Local Written Blocks": 0,
                                    "Temp Read Blocks": 0,
                                    "Temp Written Blocks": 0,
                                    "Shared I/O Read Time": 0,
                                    "Shared I/O Write Time": 0,
                                    "Local I/O Read Time": 0,
                                    "Local I/O Write Time": 0,
                                    "Temp I/O Read Time": 0,
                                    "Temp I/O Write Time": 0,
                                    "Plans": [
                                      {
                                        "Node Type": "Seq Scan",
                                        "Parent Relationship": "Outer",
                                        "Parallel Aware": false,
                                        "Async Capable": false,
                                        "Relation Name": "payment_method",
                                        "Alias": "pm",
                                        "Startup Cost": 0,
                                        "Total Cost": 11.6,
                                        "Plan Rows": 160,
                                        "Plan Width": 452,
                                        "Actual Startup Time": 0.007,
                                        "Actual Total Time": 0.008,
                                        "Actual Rows": 3,
                                        "Actual Loops": 1,
                                        "Shared Hit Blocks": 1,
                                        "Shared Read Blocks": 0,
                                        "Shared Dirtied Blocks": 0,
                                        "Shared Written Blocks": 0,
                                        "Local Hit Blocks": 0,
                                        "Local Read Blocks": 0,
                                        "Local Dirtied Blocks": 0,
                                        "Local Written Blocks": 0,
                                        "Temp Read Blocks": 0,
                                        "Temp Written Blocks": 0,
                                        "Shared I/O Read Time": 0,
                                        "Shared I/O Write Time": 0,
                                        "Local I/O Read Time": 0,
                                        "Local I/O Write Time": 0,
                                        "Temp I/O Read Time": 0,
                                        "Temp I/O Write Time": 0
                                      },
                                      {
                                        "Node Type": "Hash",
                                        "Parent Relationship": "Inner",
                                        "Parallel Aware": false,
                                        "Async Capable": false,
                                        "Startup Cost": 16,
                                        "Total Cost": 16,
                                        "Plan Rows": 2,
                                        "Plan Width": 48,
                                        "Actual Startup Time": 0.022,
                                        "Actual Total Time": 0.023,
                                        "Actual Rows": 11,
                                        "Actual Loops": 1,
                                        "Hash Buckets": 1024,
                                        "Original Hash Buckets": 1024,
                                        "Hash Batches": 1,
                                        "Original Hash Batches": 1,
                                        "Peak Memory Usage": 9,
                                        "Shared Hit Blocks": 1,
                                        "Shared Read Blocks": 0,
                                        "Shared Dirtied Blocks": 0,
                                        "Shared Written Blocks": 0,
                                        "Local Hit Blocks": 0,
                                        "Local Read Blocks": 0,
                                        "Local Dirtied Blocks": 0,
                                        "Local Written Blocks": 0,
                                        "Temp Read Blocks": 0,
                                        "Temp Written Blocks": 0,
                                        "Shared I/O Read Time": 0,
                                        "Shared I/O Write Time": 0,
                                        "Local I/O Read Time": 0,
                                        "Local I/O Write Time": 0,
                                        "Temp I/O Read Time": 0,
                                        "Temp I/O Write Time": 0,
                                        "Plans": [
                                          {
                                            "Node Type": "Seq Scan",
                                            "Parent Relationship": "Outer",
                                            "Parallel Aware": false,
                                            "Async Capable": false,
                                            "Relation Name": "payments",
                                            "Alias": "p",
                                            "Startup Cost": 0,
                                            "Total Cost": 16,
                                            "Plan Rows": 2,
                                            "Plan Width": 48,
                                            "Actual Startup Time": 0.014,
                                            "Actual Total Time": 0.016,
                                            "Actual Rows": 11,
                                            "Actual Loops": 1,
                                            "Filter": "(status = 'Success'::payments_status_enum)",
                                            "Rows Removed by Filter": 0,
                                            "Shared Hit Blocks": 1,
                                            "Shared Read Blocks": 0,
                                            "Shared Dirtied Blocks": 0,
                                            "Shared Written Blocks": 0,
                                            "Local Hit Blocks": 0,
                                            "Local Read Blocks": 0,
                                            "Local Dirtied Blocks": 0,
                                            "Local Written Blocks": 0,
                                            "Temp Read Blocks": 0,
                                            "Temp Written Blocks": 0,
                                            "Shared I/O Read Time": 0,
                                            "Shared I/O Write Time": 0,
                                            "Local I/O Read Time": 0,
                                            "Local I/O Write Time": 0,
                                            "Temp I/O Read Time": 0,
                                            "Temp I/O Write Time": 0
                                          }
                                        ]
                                      }
                                    ]
                                  }
                                ]
                              }
                            ]
                          }
                        ]
                      }
                    ]
                  }
                ]
              }
            ]
          },
          "Planning": {
            "Shared Hit Blocks": 298,
            "Shared Read Blocks": 0,
            "Shared Dirtied Blocks": 0,
            "Shared Written Blocks": 0,
            "Local Hit Blocks": 0,
            "Local Read Blocks": 0,
            "Local Dirtied Blocks": 0,
            "Local Written Blocks": 0,
            "Temp Read Blocks": 0,
            "Temp Written Blocks": 0,
            "Shared I/O Read Time": 0,
            "Shared I/O Write Time": 0,
            "Local I/O Read Time": 0,
            "Local I/O Write Time": 0,
            "Temp I/O Read Time": 0,
            "Temp I/O Write Time": 0
          },
          "Planning Time": 1.118,
          "Triggers": [],
          "Execution Time": 1.741
        }
      ]
    },
    {
      "name": "dashboard.top-items",
      "sql": "SELECT *\n    FROM top_selling_items_view\n    \n    ORDER BY total_quantity DESC\n    LIMIT $1",
      "params": [
        10
      ],
      "summary": {
        "executionTimeMs": 0.527,
        "planningTimeMs": 0.456,
        "sharedHitBlocks": 136,
        "sharedReadBlocks": 0,
        "planRows": 10,
        "actualRows": 3,
        "nodeType": "Limit"
      },
      "plan": [
        {
          "Plan": {
            "Node Type": "Limit",
            "Parallel Aware": false,
            "Async Capable": false,
            "Startup Cost": 10.25,
            "Total Cost": 10.27,
            "Plan Rows": 10,
            "Plan Width": 338,
            "Actual Startup Time": 0.461,
            "Actual Total Time": 0.464,
            "Actual Rows": 3,
            "Actual Loops": 1,
            "Shared Hit Blocks": 136,
            "Shared Read Blocks": 0,
            "Shared Dirtied Blocks": 0,
            "Shared Written Blocks": 0,
            "Local Hit Blocks": 0,
            "Local Read Blocks": 0,
            "Local Dirtied Blocks": 0,
            "Local Written Blocks": 0,
            "Temp Read Blocks": 0,
            "Temp Written Blocks": 0,
            "Shared I/O Read Time": 0,
            "Shared I/O Write Time": 0,
            "Local I/O Read Time": 0,
            "Local I/O Write Time": 0,
            "Temp I/O Read Time": 0,
            "Temp I/O Write Time": 0,
            "Plans": [
              {
                "Node Type": "Sort",
                "Parent Relationship": "Outer",
                "Parallel Aware": false,
                "Async Capable": false,
                "Startup Cost": 10.25,
                "Total Cost": 10.34,
                "Plan Rows": 38,
                "Plan Width": 338,
                "Actual Startup Time": 0.46,
                "Actual Total Time": 0.462,
                "Actual Rows": 3,
                "Actual Loops": 1,
                "Sort Key": [
                  "(sum(oi.quantity)) DESC"
                ],
                "Sort Method": "quicksort",
                "Sort Space Used": 25,
                "Sort Space Type": "Memory",
                "Shared Hit Blocks": 136,
                "Shared Read Blocks": 0,
                "Shared Dirtied Blocks": 0,
                "Shared Written Blocks": 0,
                "Local Hit Blocks": 0,
                "Local Read Blocks": 0,
                "Local Dirtied Blocks": 0,
                "Local Written Blocks": 0,
                "Temp Read Blocks": 0,
                "Temp Written Blocks": 0,
                "Shared I/O Read Time": 0,
                "Shared I/O Write Time": 0,
                "Local I/O Read Time": 0,
                "Local I/O Write Time": 0,
                "Temp I/O Read Time": 0,
                "Temp I/O Write Time": 0,
                "Plans": [
                  {
                    "Node Type": "Aggregate",
                    "Strategy": "Hashed",
                    "Partial Mode": "Simple",
                    "Parent Relationship": "Outer",
                    "Parallel Aware": false,
                    "Async Capable": false,
                    "Startup Cost": 8.95,
                    "Total Cost": 9.43,
                    "Plan Rows": 38,
                    "Plan Width": 338,
                    "Actual Startup Time": 0.442,
                    "Actual Total Time": 0.445,
                    "Actual Rows": 3,
                    "Actual Loops": 1,
                    "Group Key": [
                      "o.branch_id",
                      "oi.product_id",
                      "p.display_name",
                      "p.img_url",
                      "p.category_id"
                    ],
                    "Planned Partitions": 0,
                    "HashAgg Batches": 1,
                    "Peak Memory Usage": 24,
                    "Disk Usage": 0,
                    "Shared Hit Blocks": 133,
                    "Shared Read Blocks": 0,
                    "Shared Dirtied Blocks": 0,
                    "Shared Written Blocks": 0,
                    "Local Hit Blocks": 0,
                    "Local Read Blocks": 0,
                    "Local Dirtied Blocks": 0,
                    "Local Written Blocks": 0,
                    "Temp Read Blocks": 0,
                    "Temp Written Blocks": 0,
                    "Shared I/O Read Time": 0,
                    "Shared I/O Write Time": 0,
                    "Local I/O Read Time": 0,
                    "Local I/O Write Time": 0,
                    "Temp I/O Read Time": 0,
                    "Temp I/O Write Time": 0,
                    "Plans": [
                      {
                        "Node Type": "Nested Loop",
                        "Parent Relationship": "Outer",
                        "Parallel Aware": false,
                        "Async Capable": false,
                        "Join Type": "Left",
                        "Startup Cost": 1.52,
                        "Total Cost": 8.29,
                        "Plan Rows": 38,
                        "Plan Width": 307,
                        "Actual Startup Time": 0.045,
                        "Actual Total Time": 0.142,
                        "Actual Rows": 40,
                        "Actual Loops": 1,
                        "Inner Unique": true,
                        "Shared Hit Blocks": 8,
                        "Shared Read Blocks": 0,
                        "Shared Dirtied Blocks": 0,
                        "Shared Written Blocks": 0,
                        "Local Hit Blocks": 0,
                        "Local Read Blocks": 0,
                        "Local Dirtied Blocks": 0,
                        "Local Written Blocks": 0,
                        "Temp Read Blocks": 0,
                        "Temp Written Blocks": 0,
                        "Shared I/O Read Time": 0,
                        "Shared I/O Write Time": 0,
                        "Local I/O Read Time": 0,
                        "Local I/O Write Time": 0,
                        "Temp I/O Read Time": 0,
                        "Temp I/O Write Time": 0,
                        "Plans": [
                          {
                            "Node Type": "Hash Join",
                            "Parent Relationship": "Outer",
                            "Parallel Aware": false,
                            "Async Capable": false,
                            "Join Type": "Inner",
                            "Startup Cost": 1.36,
                            "Total Cost": 3.68,
                            "Plan Rows": 38,
                            "Plan Width": 41,
                            "Actual Startup Time": 0.035,
                            "Actual Total Time": 0.076,
                            "Actual Rows": 40,
                            "Actual Loops": 1,
                            "Inner Unique": true,
                            "Hash Cond": "(oi.order_id = o.id)",
                            "Shared Hit Blocks": 2,
                            "Shared Read Blocks": 0,
                            "Shared Dirtied Blocks": 0,
                            "Shared Written Blocks": 0,
                            "Local Hit Blocks": 0,
                            "Local Read Blocks": 0,
                            "Local Dirtied Blocks": 0,
                            "Local Written Blocks": 0,
                            "Temp Read Blocks": 0,
                            "Temp Written Blocks": 0,
                            "Shared I/O Read Time": 0,
                            "Shared I/O Write Time": 0,
                            "Local I/O Read Time": 0,
                            "Local I/O Write Time": 0,
                            "Temp I/O Read Time": 0,
                            "Temp I/O Write Time": 0,
                            "Plans": [
                              {
                                "Node Type": "Seq Scan",
                                "Parent Relationship": "Outer",
                                "Parallel Aware": false,
                                "Async Capable": false,
                                "Relation Name": "sales_order_item",
                                "Alias": "oi",
                                "Startup Cost": 0,
                                "Total Cost": 2.12,
                                "Plan Rows": 62,
                                "Plan Width": 41,
                                "Actual Startup Time": 0.014,
                                "Actual Total Time": 0.04,
                                "Actual Rows": 58,
                                "Actual Loops": 1,
                                "Filter": "((status)::text <> ALL ('{Cancelled,cancelled}'::text[]))",
                                "Rows Removed by Filter": 12,
                                "Shared Hit Blocks": 1,
                                "Shared Read Blocks": 0,
                                "Shared Dirtied Blocks": 0,
                                "Shared Written Blocks": 0,
                                "Local Hit Blocks": 0,
                                "Local Read Blocks": 0,
                                "Local Dirtied Blocks": 0,
                                "Local Written Blocks": 0,
                                "Temp Read Blocks": 0,
                                "Temp Written Blocks": 0,
                                "Shared I/O Read Time": 0,
                                "Shared I/O Write Time": 0,
                                "Local I/O Read Time": 0,
                                "Local I/O Write Time": 0,
                                "Temp I/O Read Time": 0,
                                "Temp I/O Write Time": 0
                              },
                              {
                                "Node Type": "Hash",
                                "Parent Relationship": "Inner",
                                "Parallel Aware": false,
                                "Async Capable": false,
                                "Startup Cost": 1.23,
                                "Total Cost": 1.23,
                                "Plan Rows": 11,
                                "Plan Width": 32,
                                "Actual Startup Time": 0.014,
                                "Actual Total Time": 0.015,
                                "Actual Rows": 12,
                                "Actual Loops": 1,
                                "Hash Buckets": 1024,
                                "Original Hash Buckets": 1024,
                                "Hash Batches": 1,
                                "Original Hash Batches": 1,
                                "Peak Memory Usage": 9,
                                "Shared Hit Blocks": 1,
                                "Shared Read Blocks": 0,
                                "Shared Dirtied Blocks": 0,
                                "Shared Written Blocks": 0,
                                "Local Hit Blocks": 0,
                                "Local Read Blocks": 0,
                                "Local Dirtied Blocks": 0,
                                "Local Written Blocks": 0,
                                "Temp Read Blocks": 0,
                                "Temp Written Blocks": 0,
                                "Shared I/O Read Time": 0,
                                "Shared I/O Write Time": 0,
                                "Local I/O Read Time": 0,
                                "Local I/O Write Time": 0,
                                "Temp I/O Read Time": 0,
                                "Temp I/O Write Time": 0,
                                "Plans": [
                                  {
                                    "Node Type": "Seq Scan",
                                    "Parent Relationship": "Outer",
                                    "Parallel Aware": false,
                                    "Async Capable": false,
                                    "Relation Name": "sales_orders",
                                    "Alias": "o",
                                    "Startup Cost": 0,
                                    "Total Cost": 1.23,
                                    "Plan Rows": 11,
                                    "Plan Width": 32,
                                    "Actual Startup Time": 0.005,
                                    "Actual Total Time": 0.009,
                                    "Actual Rows": 12,
                                    "Actual Loops": 1,
                                    "Filter": "(status = ANY ('{Paid,Completed}'::sales_orders_status_enum[]))",
                                    "Rows Removed by Filter": 7,
                                    "Shared Hit Blocks": 1,
                                    "Shared Read Blocks": 0,
                                    "Shared Dirtied Blocks": 0,
                                    "Shared Written Blocks": 0,
                                    "Local Hit Blocks": 0,
                                    "Local Read Blocks": 0,
                                    "Local Dirtied Blocks": 0,
                                    "Local Written Blocks": 0,
                                    "Temp Read Blocks": 0,
                                    "Temp Written Blocks": 0,
                                    "Shared I/O Read Time": 0,
                                    "Shared I/O Write Time": 0,
                                    "Local I/O Read Time": 0,
                                    "Local I/O Write Time": 0,
                                    "Temp I/O Read Time": 0,
                                    "Temp I/O Write Time": 0
                                  }
                                ]
                              }
                            ]
                          },
                          {
                            "Node Type": "Memoize",
                            "Parent Relationship": "Inner",
                            "Parallel Aware": false,
                            "Async Capable": false,
                            "Startup Cost": 0.15,
                            "Total Cost": 0.94,
                            "Plan Rows": 1,
                            "Plan Width": 282,
                            "Actual Startup Time": 0.001,
                            "Actual Total Time": 0.001,
                            "Actual Rows": 1,
                            "Actual Loops": 40,
                            "Cache Key": "oi.product_id",
                            "Cache Mode": "logical",
                            "Cache Hits": 37,
                            "Cache Misses": 3,
                            "Cache Evictions": 0,
                            "Cache Overflows": 0,
                            "Peak Memory Usage": 1,
                            "Shared Hit Blocks": 6,
                            "Shared Read Blocks": 0,
                            "Shared Dirtied Blocks": 0,
                            "Shared Written Blocks": 0,
                            "Local Hit Blocks": 0,
                            "Local Read Blocks": 0,
                            "Local Dirtied Blocks": 0,
                            "Local Written Blocks": 0,
                            "Temp Read Blocks": 0,
                            "Temp Written Blocks": 0,
                            "Shared I/O Read Time": 0,
                            "Shared I/O Write Time": 0,
                            "Local I/O Read Time": 0,
                            "Local I/O Write Time": 0,
                            "Temp I/O Read Time": 0,
                            "Temp I/O Write Time": 0,
                            "Plans": [
                              {
                                "Node Type": "Index Scan",
                                "Parent Relationship": "Outer",
                                "Parallel Aware": false,
                                "Async Capable": false,
                                "Scan Direction": "Forward",
                                "Index Name": "PK_0806c755e0aca124e67c0cf6d7d",
                                "Relation Name": "products",
                                "Alias": "p",
                                "Startup Cost": 0.14,
                                "Total Cost": 0.93,
                                "Plan Rows": 1,
                                "Plan Width": 282,
                                "Actual Startup Time": 0.003,
                                "Actual Total Time": 0.003,
                                "Actual Rows": 1,
                                "Actual Loops": 3,
                                "Index Cond": "(id = oi.product_id)",
                                "Rows Removed by Index Recheck": 0,
                                "Shared Hit Blocks": 6,
                                "Shared Read Blocks": 0,
                                "Shared Dirtied Blocks": 0,
                                "Shared Written Blocks": 0,
                                "Local Hit Blocks": 0,
                                "Local Read Blocks": 0,
                                "Local Dirtied Blocks": 0,
                                "Local Written Blocks": 0,
                                "Temp Read Blocks": 0,
                                "Temp Written Blocks": 0,
                                "Shared I/O Read Time": 0,
                                "Shared I/O Write Time": 0,
                                "Local I/O Read Time": 0,
                                "Local I/O Write Time": 0,
                                "Temp I/O Read Time": 0,
                                "Temp I/O Write Time": 0
                              }
                            ]
                          }
                        ]
                      }
                    ]
                  }
                ]
              }
            ]
          },
          "Planning": {
            "Shared Hit Blocks": 30,
            "Shared Read Blocks": 0,
            "Shared Dirtied Blocks": 0,
            "Shared Written Blocks": 0,
            "Local Hit Blocks": 0,
            "Local Read Blocks": 0,
            "Local Dirtied Blocks": 0,
            "Local Written Blocks": 0,
            "Temp Read Blocks": 0,
            "Temp Written Blocks": 0,
            "Shared I/O Read Time": 0,
            "Shared I/O Write Time": 0,
            "Local I/O Read Time": 0,
            "Local I/O Write Time": 0,
            "Temp I/O Read Time": 0,
            "Temp I/O Write Time": 0
          },
          "Planning Time": 0.456,
          "Triggers": [],
          "Execution Time": 0.527
        }
      ]
    }
  ]
}