{
  "generatedAt": "2026-02-13T09:52:04.753Z",
  "config": {
    "page": 1,
    "limit": 50,
    "statuses": [
      "Pending",
      "Cooking",
      "Served",
      "WaitingForPayment"
    ],
    "orderType": null,
    "query": null,
    "branchId": null,
    "startDate": null,
    "endDate": null,
    "topItemsLimit": 10
  },
  "reports": [
    {
      "name": "orders.summary.count",
      "sql": "SELECT COUNT(*)::int AS total\n    FROM sales_orders o\n    LEFT JOIN tables t ON t.id = o.table_id\n    LEFT JOIN delivery d ON d.id = o.delivery_id\n    WHERE o.status::text = ANY($1)",
      "params": [
        [
          "Pending",
          "Cooking",
          "Served",
          "WaitingForPayment"
        ]
      ],
      "summary": {
        "executionTimeMs": 1.22,
        "planningTimeMs": 33.248,
        "sharedHitBlocks": 1,
        "sharedReadBlocks": 0,
        "planRows": 1,
        "actualRows": 1,
        "nodeType": "Aggregate"
      },
      "plan": [
        {
          "Plan": {
            "Node Type": "Aggregate",
            "Strategy": "Plain",
            "Partial Mode": "Simple",
            "Parallel Aware": false,
            "Async Capable": false,
            "Startup Cost": 17.6,
            "Total Cost": 17.62,
            "Plan Rows": 1,
            "Plan Width": 4,
            "Actual Startup Time": 0.2,
            "Actual Total Time": 0.202,
            "Actual Rows": 1,
            "Actual Loops": 1,
            "Shared Hit Blocks": 1,
            "Shared Read Blocks": 0,
            "Shared Dirtied Blocks": 0,
            "Shared Written Blocks": 0,
            "Local Hit Blocks": 0,
            "Local Read Blocks": 0,
            "Local Dirtied Blocks": 0,
            "Local Written Blocks": 0,
            "Temp Read Blocks": 0,
            "Temp Written Blocks": 0,
            "Plans": [
              {
                "Node Type": "Seq Scan",
                "Parent Relationship": "Outer",
                "Parallel Aware": false,
                "Async Capable": false,
                "Relation Name": "sales_orders",
                "Alias": "o",
                "Startup Cost": 0,
                "Total Cost": 17.6,
                "Plan Rows": 1,
                "Plan Width": 0,
                "Actual Startup Time": 0.194,
                "Actual Total Time": 0.194,
                "Actual Rows": 0,
                "Actual Loops": 1,
                "Filter": "(((branch_id = (NULLIF(current_setting('app.branch_id'::text, true), ''::text))::uuid) OR ((COALESCE(current_setting('app.is_admin'::text, true), 'false'::text) = 'true'::text) AND ((NULLIF(current_setting('app.branch_id'::text, true), ''::text))::uuid IS NULL))) AND ((status)::text = ANY ('{Pending,Cooking,Served,WaitingForPayment}'::text[])))",
                "Rows Removed by Filter": 3,
                "Shared Hit Blocks": 1,
                "Shared Read Blocks": 0,
                "Shared Dirtied Blocks": 0,
                "Shared Written Blocks": 0,
                "Local Hit Blocks": 0,
                "Local Read Blocks": 0,
                "Local Dirtied Blocks": 0,
                "Local Written Blocks": 0,
                "Temp Read Blocks": 0,
                "Temp Written Blocks": 0
              }
            ]
          },
          "Planning": {
            "Shared Hit Blocks": 538,
            "Shared Read Blocks": 0,
            "Shared Dirtied Blocks": 0,
            "Shared Written Blocks": 0,
            "Local Hit Blocks": 0,
            "Local Read Blocks": 0,
            "Local Dirtied Blocks": 0,
            "Local Written Blocks": 0,
            "Temp Read Blocks": 0,
            "Temp Written Blocks": 0
          },
          "Planning Time": 33.248,
          "Triggers": [],
          "Execution Time": 1.22
        }
      ]
    },
    {
      "name": "orders.summary.data",
      "sql": "WITH base_orders AS (\n      SELECT\n        o.id,\n        o.order_no,\n        o.order_type,\n        o.status,\n        o.create_date,\n        o.total_amount,\n        o.delivery_code,\n        o.table_id,\n        o.delivery_id,\n        t.table_name AS table_name,\n        d.delivery_name AS delivery_name\n      FROM sales_orders o\n      LEFT JOIN tables t ON t.id = o.table_id\n      LEFT JOIN delivery d ON d.id = o.delivery_id\n      WHERE o.status::text = ANY($1)\n      ORDER BY o.create_date DESC\n      LIMIT $2 OFFSET $3\n    ),\n    item_agg_raw AS (\n      SELECT\n        i.order_id,\n        c.display_name AS category_name,\n        SUM(i.quantity)::int AS qty\n      FROM sales_order_item i\n      INNER JOIN base_orders bo ON bo.id = i.order_id\n      LEFT JOIN products p ON p.id = i.product_id\n      LEFT JOIN category c ON c.id = p.category_id\n      WHERE i.status::text NOT IN ('Cancelled', 'cancelled')\n      GROUP BY i.order_id, c.display_name\n    ),\n    item_agg AS (\n      SELECT\n        order_id,\n        jsonb_object_agg(category_name, qty) FILTER (WHERE category_name IS NOT NULL) AS items_summary,\n        SUM(qty)::int AS items_count\n      FROM item_agg_raw\n      GROUP BY order_id\n    )\n    SELECT\n      bo.id,\n      bo.order_no,\n      bo.order_type,\n      bo.status,\n      bo.create_date,\n      bo.total_amount,\n      bo.delivery_code,\n      bo.table_id,\n      bo.delivery_id,\n      bo.table_name,\n      bo.delivery_name,\n      COALESCE(ia.items_summary, '{}'::jsonb) AS items_summary,\n      COALESCE(ia.items_count, 0) AS items_count\n    FROM base_orders bo\n    LEFT JOIN item_agg ia ON ia.order_id = bo.id\n    ORDER BY bo.create_date DESC",
      "params": [
        [
          "Pending",
          "Cooking",
          "Served",
          "WaitingForPayment"
        ],
        50,
        0
      ],
      "summary": {
        "executionTimeMs": 0.481,
        "planningTimeMs": 24.145,
        "sharedHitBlocks": 4,
        "sharedReadBlocks": 0,
        "planRows": 1,
        "actualRows": 0,
        "nodeType": "Sort"
      },
      "plan": [
        {
          "Plan": {
            "Node Type": "Sort",
            "Parallel Aware": false,
            "Async Capable": false,
            "Startup Cost": 88.4,
            "Total Cost": 88.41,
            "Plan Rows": 1,
            "Plan Width": 1398,
            "Actual Startup Time": 0.092,
            "Actual Total Time": 0.094,
            "Actual Rows": 0,
            "Actual Loops": 1,
            "Sort Key": [
              "bo.create_date DESC"
            ],
            "Sort Method": "quicksort",
            "Sort Space Used": 25,
            "Sort Space Type": "Memory",
            "Shared Hit Blocks": 4,
            "Shared Read Blocks": 0,
            "Shared Dirtied Blocks": 0,
            "Shared Written Blocks": 0,
            "Local Hit Blocks": 0,
            "Local Read Blocks": 0,
            "Local Dirtied Blocks": 0,
            "Local Written Blocks": 0,
            "Temp Read Blocks": 0,
            "Temp Written Blocks": 0,
            "Plans": [
              {
                "Node Type": "Limit",
                "Parent Relationship": "InitPlan",
                "Subplan Name": "CTE base_orders",
                "Parallel Aware": false,
                "Async Capable": false,
                "Startup Cost": 46.26,
                "Total Cost": 46.27,
                "Plan Rows": 1,
                "Plan Width": 1362,
                "Actual Startup Time": 0.035,
                "Actual Total Time": 0.036,
                "Actual Rows": 0,
                "Actual Loops": 1,
                "Shared Hit Blocks": 1,
                "Shared Read Blocks": 0,
                "Shared Dirtied Blocks": 0,
                "Shared Written Blocks": 0,
                "Local Hit Blocks": 0,
                "Local Read Blocks": 0,
                "Local Dirtied Blocks": 0,
                "Local Written Blocks": 0,
                "Temp Read Blocks": 0,
                "Temp Written Blocks": 0,
                "Plans": [
                  {
                    "Node Type": "Sort",
                    "Parent Relationship": "Outer",
                    "Parallel Aware": false,
                    "Async Capable": false,
                    "Startup Cost": 46.26,
                    "Total Cost": 46.27,
                    "Plan Rows": 1,
                    "Plan Width": 1362,
                    "Actual Startup Time": 0.034,
                    "Actual Total Time": 0.035,
                    "Actual Rows": 0,
                    "Actual Loops": 1,
                    "Sort Key": [
                      "o.create_date DESC"
                    ],
                    "Sort Method": "quicksort",
                    "Sort Space Used": 25,
                    "Sort Space Type": "Memory",
                    "Shared Hit Blocks": 1,
                    "Shared Read Blocks": 0,
                    "Shared Dirtied Blocks": 0,
                    "Shared Written Blocks": 0,
                    "Local Hit Blocks": 0,
                    "Local Read Blocks": 0,
                    "Local Dirtied Blocks": 0,
                    "Local Written Blocks": 0,
                    "Temp Read Blocks": 0,
                    "Temp Written Blocks": 0,
                    "Plans": [
                      {
                        "Node Type": "Nested Loop",
                        "Parent Relationship": "Outer",
                        "Parallel Aware": false,
                        "Async Capable": false,
                        "Join Type": "Left",
                        "Startup Cost": 0,
                        "Total Cost": 46.25,
                        "Plan Rows": 1,
                        "Plan Width": 1362,
                        "Actual Startup Time": 0.017,
                        "Actual Total Time": 0.018,
                        "Actual Rows": 0,
                        "Actual Loops": 1,
                        "Inner Unique": true,
                        "Join Filter": "(d.id = o.delivery_id)",
                        "Rows Removed by Join Filter": 0,
                        "Shared Hit Blocks": 1,
                        "Shared Read Blocks": 0,
                        "Shared Dirtied Blocks": 0,
                        "Shared Written Blocks": 0,
                        "Local Hit Blocks": 0,
                        "Local Read Blocks": 0,
                        "Local Dirtied Blocks": 0,
                        "Local Written Blocks": 0,
                        "Temp Read Blocks": 0,
                        "Temp Written Blocks": 0,
                        "Plans": [
                          {
                            "Node Type": "Nested Loop",
                            "Parent Relationship": "Outer",
                            "Parallel Aware": false,
                            "Async Capable": false,
                            "Join Type": "Left",
                            "Startup Cost": 0,
                            "Total Cost": 32.49,
                            "Plan Rows": 1,
                            "Plan Width": 846,
                            "Actual Startup Time": 0.017,
                            "Actual Total Time": 0.017,
                            "Actual Rows": 0,
                            "Actual Loops": 1,
                            "Inner Unique": true,
                            "Join Filter": "(t.id = o.table_id)",
                            "Rows Removed by Join Filter": 0,
                            "Shared Hit Blocks": 1,
                            "Shared Read Blocks": 0,
                            "Shared Dirtied Blocks": 0,
                            "Shared Written Blocks": 0,
                            "Local Hit Blocks": 0,
                            "Local Read Blocks": 0,
                            "Local Dirtied Blocks": 0,
                            "Local Written Blocks": 0,
                            "Temp Read Blocks": 0,
                            "Temp Written Blocks": 0,
                            "Plans": [
                              {
                                "Node Type": "Seq Scan",
                                "Parent Relationship": "Outer",
                                "Parallel Aware": false,
                                "Async Capable": false,
                                "Relation Name": "sales_orders",
                                "Alias": "o",
                                "Startup Cost": 0,
                                "Total Cost": 17.6,
                                "Plan Rows": 1,
                                "Plan Width": 330,
                                "Actual Startup Time": 0.016,
                                "Actual Total Time": 0.016,
                                "Actual Rows": 0,
                                "Actual Loops": 1,
                                "Filter": "(((branch_id = (NULLIF(current_setting('app.branch_id'::text, true), ''::text))::uuid) OR ((COALESCE(current_setting('app.is_admin'::text, true), 'false'::text) = 'true'::text) AND ((NULLIF(current_setting('app.branch_id'::text, true), ''::text))::uuid IS NULL))) AND ((status)::text = ANY ('{Pending,Cooking,Served,WaitingForPayment}'::text[])))",
                                "Rows Removed by Filter": 3,
                                "Shared Hit Blocks": 1,
                                "Shared Read Blocks": 0,
                                "Shared Dirtied Blocks": 0,
                                "Shared Written Blocks": 0,
                                "Local Hit Blocks": 0,
                                "Local Read Blocks": 0,
                                "Local Dirtied Blocks": 0,
                                "Local Written Blocks": 0,
                                "Temp Read Blocks": 0,
                                "Temp Written Blocks": 0
                              },
                              {
                                "Node Type": "Seq Scan",
                                "Parent Relationship": "Inner",
                                "Parallel Aware": false,
                                "Async Capable": false,
                                "Relation Name": "tables",
                                "Alias": "t",
                                "Startup Cost": 0,
                                "Total Cost": 14.88,
                                "Plan Rows": 1,
                                "Plan Width": 532,
                                "Actual Startup Time": 0,
                                "Actual Total Time": 0,
                                "Actual Rows": 0,
                                "Actual Loops": 0,
                                "Filter": "((branch_id = (NULLIF(current_setting('app.branch_id'::text, true), ''::text))::uuid) OR ((COALESCE(current_setting('app.is_admin'::text, true), 'false'::text) = 'true'::text) AND ((NULLIF(current_setting('app.branch_id'::text, true), ''::text))::uuid IS NULL)))",
                                "Rows Removed by Filter": 0,
                                "Shared Hit Blocks": 0,
                                "Shared Read Blocks": 0,
                                "Shared Dirtied Blocks": 0,
                                "Shared Written Blocks": 0,
                                "Local Hit Blocks": 0,
                                "Local Read Blocks": 0,
                                "Local Dirtied Blocks": 0,
                                "Local Written Blocks": 0,
                                "Temp Read Blocks": 0,
                                "Temp Written Blocks": 0
                              }
                            ]
                          },
                          {
                            "Node Type": "Seq Scan",
                            "Parent Relationship": "Inner",
                            "Parallel Aware": false,
                            "Async Capable": false,
                            "Relation Name": "delivery",
                            "Alias": "d",
                            "Startup Cost": 0,
                            "Total Cost": 13.75,
                            "Plan Rows": 1,
                            "Plan Width": 532,
                            "Actual Startup Time": 0,
                            "Actual Total Time": 0,
                            "Actual Rows": 0,
                            "Actual Loops": 0,
                            "Filter": "((branch_id = (NULLIF(current_setting('app.branch_id'::text, true), ''::text))::uuid) OR ((COALESCE(current_setting('app.is_admin'::text, true), 'false'::text) = 'true'::text) AND ((NULLIF(current_setting('app.branch_id'::text, true), ''::text))::uuid IS NULL)))",
                            "Rows Removed by Filter": 0,
                            "Shared Hit Blocks": 0,
                            "Shared Read Blocks": 0,
                            "Shared Dirtied Blocks": 0,
                            "Shared Written Blocks": 0,
                            "Local Hit Blocks": 0,
                            "Local Read Blocks": 0,
                            "Local Dirtied Blocks": 0,
                            "Local Written Blocks": 0,
                            "Temp Read Blocks": 0,
                            "Temp Written Blocks": 0
                          }
                        ]
                      }
                    ]
                  }
                ]
              },
              {
                "Node Type": "Nested Loop",
                "Parent Relationship": "Outer",
                "Parallel Aware": false,
                "Async Capable": false,
                "Join Type": "Left",
                "Startup Cost": 42.03,
                "Total Cost": 42.13,
                "Plan Rows": 1,
                "Plan Width": 1398,
                "Actual Startup Time": 0.036,
                "Actual Total Time": 0.037,
                "Actual Rows": 0,
                "Actual Loops": 1,
                "Inner Unique": true,
                "Join Filter": "(i.order_id = bo.id)",
                "Rows Removed by Join Filter": 0,
                "Shared Hit Blocks": 1,
                "Shared Read Blocks": 0,
                "Shared Dirtied Blocks": 0,
                "Shared Written Blocks": 0,
                "Local Hit Blocks": 0,
                "Local Read Blocks": 0,
                "Local Dirtied Blocks": 0,
                "Local Written Blocks": 0,
                "Temp Read Blocks": 0,
                "Temp Written Blocks": 0,
                "Plans": [
                  {
                    "Node Type": "CTE Scan",
                    "Parent Relationship": "Outer",
                    "Parallel Aware": false,
                    "Async Capable": false,
                    "CTE Name": "base_orders",
                    "Alias": "bo",
                    "Startup Cost": 0,
                    "Total Cost": 0.02,
                    "Plan Rows": 1,
                    "Plan Width": 1362,
                    "Actual Startup Time": 0.036,
                    "Actual Total Time": 0.036,
                    "Actual Rows": 0,
                    "Actual Loops": 1,
                    "Shared Hit Blocks": 1,
                    "Shared Read Blocks": 0,
                    "Shared Dirtied Blocks": 0,
                    "Shared Written Blocks": 0,
                    "Local Hit Blocks": 0,
                    "Local Read Blocks": 0,
                    "Local Dirtied Blocks": 0,
                    "Local Written Blocks": 0,
                    "Temp Read Blocks": 0,
                    "Temp Written Blocks": 0
                  },
                  {
                    "Node Type": "Aggregate",
                    "Strategy": "Sorted",
                    "Partial Mode": "Simple",
                    "Parent Relationship": "Inner",
                    "Parallel Aware": false,
                    "Async Capable": false,
                    "Startup Cost": 42.03,
                    "Total Cost": 42.08,
                    "Plan Rows": 1,
                    "Plan Width": 52,
                    "Actual Startup Time": 0,
                    "Actual Total Time": 0,
                    "Actual Rows": 0,
                    "Actual Loops": 0,
                    "Group Key": [
                      "i.order_id"
                    ],
                    "Shared Hit Blocks": 0,
                    "Shared Read Blocks": 0,
                    "Shared Dirtied Blocks": 0,
                    "Shared Written Blocks": 0,
                    "Local Hit Blocks": 0,
                    "Local Read Blocks": 0,
                    "Local Dirtied Blocks": 0,
                    "Local Written Blocks": 0,
                    "Temp Read Blocks": 0,
                    "Temp Written Blocks": 0,
                    "Plans": [
                      {
                        "Node Type": "Aggregate",
                        "Strategy": "Sorted",
                        "Partial Mode": "Simple",
                        "Parent Relationship": "Outer",
                        "Parallel Aware": false,
                        "Async Capable": false,
                        "Startup Cost": 42.03,
                        "Total Cost": 42.05,
                        "Plan Rows": 1,
                        "Plan Width": 238,
                        "Actual Startup Time": 0,
                        "Actual Total Time": 0,
                        "Actual Rows": 0,
                        "Actual Loops": 0,
                        "Group Key": [
                          "i.order_id",
                          "c.display_name"
                        ],
                        "Shared Hit Blocks": 0,
                        "Shared Read Blocks": 0,
                        "Shared Dirtied Blocks": 0,
                        "Shared Written Blocks": 0,
                        "Local Hit Blocks": 0,
                        "Local Read Blocks": 0,
                        "Local Dirtied Blocks": 0,
                        "Local Written Blocks": 0,
                        "Temp Read Blocks": 0,
                        "Temp Written Blocks": 0,
                        "Plans": [
                          {
                            "Node Type": "Sort",
                            "Parent Relationship": "Outer",
                            "Parallel Aware": false,
                            "Async Capable": false,
                            "Startup Cost": 42.03,
                            "Total Cost": 42.03,
                            "Plan Rows": 1,
                            "Plan Width": 238,
                            "Actual Startup Time": 0,
                            "Actual Total Time": 0,
                            "Actual Rows": 0,
                            "Actual Loops": 0,
                            "Sort Key": [
                              "i.order_id",
                              "c.display_name"
                            ],
                            "Shared Hit Blocks": 0,
                            "Shared Read Blocks": 0,
                            "Shared Dirtied Blocks": 0,
                            "Shared Written Blocks": 0,
                            "Local Hit Blocks": 0,
                            "Local Read Blocks": 0,
                            "Local Dirtied Blocks": 0,
                            "Local Written Blocks": 0,
                            "Temp Read Blocks": 0,
                            "Temp Written Blocks": 0,
                            "Plans": [
                              {
                                "Node Type": "Nested Loop",
                                "Parent Relationship": "Outer",
                                "Parallel Aware": false,
                                "Async Capable": false,
                                "Join Type": "Left",
                                "Startup Cost": 4.31,
                                "Total Cost": 42.02,
                                "Plan Rows": 1,
                                "Plan Width": 238,
                                "Actual Startup Time": 0,
                                "Actual Total Time": 0,
                                "Actual Rows": 0,
                                "Actual Loops": 0,
                                "Inner Unique": false,
                                "Shared Hit Blocks": 0,
                                "Shared Read Blocks": 0,
                                "Shared Dirtied Blocks": 0,
                                "Shared Written Blocks": 0,
                                "Local Hit Blocks": 0,
                                "Local Read Blocks": 0,
                                "Local Dirtied Blocks": 0,
                                "Local Written Blocks": 0,
                                "Temp Read Blocks": 0,
                                "Temp Written Blocks": 0,
                                "Plans": [
                                  {
                                    "Node Type": "Nested Loop",
                                    "Parent Relationship": "Outer",
                                    "Parallel Aware": false,
                                    "Async Capable": false,
                                    "Join Type": "Inner",
                                    "Startup Cost": 4.16,
                                    "Total Cost": 25.98,
                                    "Plan Rows": 1,
                                    "Plan Width": 36,
                                    "Actual Startup Time": 0,
                                    "Actual Total Time": 0,
                                    "Actual Rows": 0,
                                    "Actual Loops": 0,
                                    "Inner Unique": false,
                                    "Shared Hit Blocks": 0,
                                    "Shared Read Blocks": 0,
                                    "Shared Dirtied Blocks": 0,
                                    "Shared Written Blocks": 0,
                                    "Local Hit Blocks": 0,
                                    "Local Read Blocks": 0,
                                    "Local Dirtied Blocks": 0,
                                    "Local Written Blocks": 0,
                                    "Temp Read Blocks": 0,
                                    "Temp Written Blocks": 0,
                                    "Plans": [
                                      {
                                        "Node Type": "CTE Scan",
                                        "Parent Relationship": "Outer",
                                        "Parallel Aware": false,
                                        "Async Capable": false,
                                        "CTE Name": "base_orders",
                                        "Alias": "bo_1",
                                        "Startup Cost": 0,
                                        "Total Cost": 0.02,
                                        "Plan Rows": 1,
                                        "Plan Width": 16,
                                        "Actual Startup Time": 0,
                                        "Actual Total Time": 0,
                                        "Actual Rows": 0,
                                        "Actual Loops": 0,
                                        "Shared Hit Blocks": 0,
                                        "Shared Read Blocks": 0,
                                        "Shared Dirtied Blocks": 0,
                                        "Shared Written Blocks": 0,
                                        "Local Hit Blocks": 0,
                                        "Local Read Blocks": 0,
                                        "Local Dirtied Blocks": 0,
                                        "Local Written Blocks": 0,
                                        "Temp Read Blocks": 0,
                                        "Temp Written Blocks": 0
                                      },
                                      {
                                        "Node Type": "Bitmap Heap Scan",
                                        "Parent Relationship": "Inner",
                                        "Parallel Aware": false,
                                        "Async Capable": false,
                                        "Relation Name": "sales_order_item",
                                        "Alias": "i",
                                        "Startup Cost": 4.16,
                                        "Total Cost": 25.95,
                                        "Plan Rows": 1,
                                        "Plan Width": 36,
                                        "Actual Startup Time": 0,
                                        "Actual Total Time": 0,
                                        "Actual Rows": 0,
                                        "Actual Loops": 0,
                                        "Recheck Cond": "(order_id = bo_1.id)",
                                        "Rows Removed by Index Recheck": 0,
                                        "Filter": "((((COALESCE(current_setting('app.is_admin'::text, true), 'false'::text) = 'true'::text) AND ((NULLIF(current_setting('app.branch_id'::text, true), ''::text))::uuid IS NULL)) OR (hashed SubPlan 3)) AND ((status)::text <> ALL ('{Cancelled,cancelled}'::text[])))",
                                        "Rows Removed by Filter": 0,
                                        "Exact Heap Blocks": 0,
                                        "Lossy Heap Blocks": 0,
                                        "Shared Hit Blocks": 0,
                                        "Shared Read Blocks": 0,
                                        "Shared Dirtied Blocks": 0,
                                        "Shared Written Blocks": 0,
                                        "Local Hit Blocks": 0,
                                        "Local Read Blocks": 0,
                                        "Local Dirtied Blocks": 0,
                                        "Local Written Blocks": 0,
                                        "Temp Read Blocks": 0,
                                        "Temp Written Blocks": 0,
                                        "Plans": [
                                          {
                                            "Node Type": "Bitmap Index Scan",
                                            "Parent Relationship": "Outer",
                                            "Parallel Aware": false,
                                            "Async Capable": false,
                                            "Index Name": "IDX_4759a2cc727c8989652f479c64",
                                            "Startup Cost": 0,
                                            "Total Cost": 4.16,
                                            "Plan Rows": 2,
                                            "Plan Width": 0,
                                            "Actual Startup Time": 0,
                                            "Actual Total Time": 0,
                                            "Actual Rows": 0,
                                            "Actual Loops": 0,
                                            "Index Cond": "(order_id = bo_1.id)",
                                            "Shared Hit Blocks": 0,
                                            "Shared Read Blocks": 0,
                                            "Shared Dirtied Blocks": 0,
                                            "Shared Written Blocks": 0,
                                            "Local Hit Blocks": 0,
                                            "Local Read Blocks": 0,
                                            "Local Dirtied Blocks": 0,
                                            "Local Written Blocks": 0,
                                            "Temp Read Blocks": 0,
                                            "Temp Written Blocks": 0
                                          },
                                          {
                                            "Node Type": "Index Scan",
                                            "Parent Relationship": "SubPlan",
                                            "Subplan Name": "SubPlan 3",
                                            "Parallel Aware": false,
                                            "Async Capable": false,
                                            "Scan Direction": "Forward",
                                            "Index Name": "IDX_5162648da6b9f460116984d9bb",
                                            "Relation Name": "sales_orders",
                                            "Alias": "o_1",
                                            "Startup Cost": 0.15,
                                            "Total Cost": 8.2,
                                            "Plan Rows": 1,
                                            "Plan Width": 16,
                                            "Actual Startup Time": 0,
                                            "Actual Total Time": 0,
                                            "Actual Rows": 0,
                                            "Actual Loops": 0,
                                            "Index Cond": "(branch_id = (NULLIF(current_setting('app.branch_id'::text, true), ''::text))::uuid)",
                                            "Rows Removed by Index Recheck": 0,
                                            "Filter": "((branch_id = (NULLIF(current_setting('app.branch_id'::text, true), ''::text))::uuid) OR ((COALESCE(current_setting('app.is_admin'::text, true), 'false'::text) = 'true'::text) AND ((NULLIF(current_setting('app.branch_id'::text, true), ''::text))::uuid IS NULL)))",
                                            "Rows Removed by Filter": 0,
                                            "Shared Hit Blocks": 0,
                                            "Shared Read Blocks": 0,
                                            "Shared Dirtied Blocks": 0,
                                            "Shared Written Blocks": 0,
                                            "Local Hit Blocks": 0,
                                            "Local Read Blocks": 0,
                                            "Local Dirtied Blocks": 0,
                                            "Local Written Blocks": 0,
                                            "Temp Read Blocks": 0,
                                            "Temp Written Blocks": 0
                                          }
                                        ]
                                      }
                                    ]
                                  },
                                  {
                                    "Node Type": "Nested Loop",
                                    "Parent Relationship": "Inner",
                                    "Parallel Aware": false,
                                    "Async Capable": false,
                                    "Join Type": "Left",
                                    "Startup Cost": 0.14,
                                    "Total Cost": 16.02,
                                    "Plan Rows": 1,
                                    "Plan Width": 234,
                                    "Actual Startup Time": 0,
                                    "Actual Total Time": 0,
                                    "Actual Rows": 0,
                                    "Actual Loops": 0,
                                    "Inner Unique": true,
                                    "Join Filter": "(c.id = p.category_id)",
                                    "Rows Removed by Join Filter": 0,
                                    "Shared Hit Blocks": 0,
                                    "Shared Read Blocks": 0,
                                    "Shared Dirtied Blocks": 0,
                                    "Shared Written Blocks": 0,
                                    "Local Hit Blocks": 0,
                                    "Local Read Blocks": 0,
                                    "Local Dirtied Blocks": 0,
                                    "Local Written Blocks": 0,
                                    "Temp Read Blocks": 0,
                                    "Temp Written Blocks": 0,
                                    "Plans": [
                                      {
                                        "Node Type": "Index Scan",
                                        "Parent Relationship": "Outer",
                                        "Parallel Aware": false,
                                        "Async Capable": false,
                                        "Scan Direction": "Forward",
                                        "Index Name": "PK_0806c755e0aca124e67c0cf6d7d",
                                        "Relation Name": "products",
                                        "Alias": "p",
                                        "Startup Cost": 0.14,
                                        "Total Cost": 0.39,
                                        "Plan Rows": 1,
                                        "Plan Width": 32,
                                        "Actual Startup Time": 0,
                                        "Actual Total Time": 0,
                                        "Actual Rows": 0,
                                        "Actual Loops": 0,
                                        "Index Cond": "(id = i.product_id)",
                                        "Rows Removed by Index Recheck": 0,
                                        "Filter": "((branch_id = (NULLIF(current_setting('app.branch_id'::text, true), ''::text))::uuid) OR ((COALESCE(current_setting('app.is_admin'::text, true), 'false'::text) = 'true'::text) AND ((NULLIF(current_setting('app.branch_id'::text, true), ''::text))::uuid IS NULL)))",
                                        "Rows Removed by Filter": 0,
                                        "Shared Hit Blocks": 0,
                                        "Shared Read Blocks": 0,
                                        "Shared Dirtied Blocks": 0,
                                        "Shared Written Blocks": 0,
                                        "Local Hit Blocks": 0,
                                        "Local Read Blocks": 0,
                                        "Local Dirtied Blocks": 0,
                                        "Local Written Blocks": 0,
                                        "Temp Read Blocks": 0,
                                        "Temp Written Blocks": 0
                                      },
                                      {
                                        "Node Type": "Seq Scan",
                                        "Parent Relationship": "Inner",
                                        "Parallel Aware": false,
                                        "Async Capable": false,
                                        "Relation Name": "category",
                                        "Alias": "c",
                                        "Startup Cost": 0,
                                        "Total Cost": 15.62,
                                        "Plan Rows": 1,
                                        "Plan Width": 234,
                                        "Actual Startup Time": 0,
                                        "Actual Total Time": 0,
                                        "Actual Rows": 0,
                                        "Actual Loops": 0,
                                        "Filter": "((branch_id = (NULLIF(current_setting('app.branch_id'::text, true), ''::text))::uuid) OR ((COALESCE(current_setting('app.is_admin'::text, true), 'false'::text) = 'true'::text) AND ((NULLIF(current_setting('app.branch_id'::text, true), ''::text))::uuid IS NULL)))",
                                        "Rows Removed by Filter": 0,
                                        "Shared Hit Blocks": 0,
                                        "Shared Read Blocks": 0,
                                        "Shared Dirtied Blocks": 0,
                                        "Shared Written Blocks": 0,
                                        "Local Hit Blocks": 0,
                                        "Local Read Blocks": 0,
                                        "Local Dirtied Blocks": 0,
                                        "Local Written Blocks": 0,
                                        "Temp Read Blocks": 0,
                                        "Temp Written Blocks": 0
                                      }
                                    ]
                                  }
                                ]
                              }
                            ]
                          }
                        ]
                      }
                    ]
                  }
                ]
              }
            ]
          },
          "Planning": {
            "Shared Hit Blocks": 313,
            "Shared Read Blocks": 0,
            "Shared Dirtied Blocks": 0,
            "Shared Written Blocks": 0,
            "Local Hit Blocks": 0,
            "Local Read Blocks": 0,
            "Local Dirtied Blocks": 0,
            "Local Written Blocks": 0,
            "Temp Read Blocks": 0,
            "Temp Written Blocks": 0
          },
          "Planning Time": 24.145,
          "Triggers": [],
          "Execution Time": 0.481
        }
      ]
    },
    {
      "name": "dashboard.sales.summary",
      "sql": "SELECT *\n    FROM sales_summary_view\n    \n    ORDER BY date DESC",
      "params": [],
      "summary": {
        "executionTimeMs": 1.608,
        "planningTimeMs": 6.76,
        "sharedHitBlocks": 4,
        "sharedReadBlocks": 0,
        "planRows": 2,
        "actualRows": 1,
        "nodeType": "Sort"
      },
      "plan": [
        {
          "Plan": {
            "Node Type": "Sort",
            "Parallel Aware": false,
            "Async Capable": false,
            "Startup Cost": 52.64,
            "Total Cost": 52.64,
            "Plan Rows": 2,
            "Plan Width": 248,
            "Actual Startup Time": 1.301,
            "Actual Total Time": 1.305,
            "Actual Rows": 1,
            "Actual Loops": 1,
            "Sort Key": [
              "(date(o.create_date)) DESC"
            ],
            "Sort Method": "quicksort",
            "Sort Space Used": 25,
            "Sort Space Type": "Memory",
            "Shared Hit Blocks": 4,
            "Shared Read Blocks": 0,
            "Shared Dirtied Blocks": 0,
            "Shared Written Blocks": 0,
            "Local Hit Blocks": 0,
            "Local Read Blocks": 0,
            "Local Dirtied Blocks": 0,
            "Local Written Blocks": 0,
            "Temp Read Blocks": 0,
            "Temp Written Blocks": 0,
            "Plans": [
              {
                "Node Type": "Merge Join",
                "Parent Relationship": "Outer",
                "Parallel Aware": false,
                "Async Capable": false,
                "Join Type": "Left",
                "Startup Cost": 52.34,
                "Total Cost": 52.61,
                "Plan Rows": 2,
                "Plan Width": 248,
                "Actual Startup Time": 1.282,
                "Actual Total Time": 1.286,
                "Actual Rows": 1,
                "Actual Loops": 1,
                "Inner Unique": true,
                "Merge Cond": "((o.branch_id = o_1.branch_id) AND ((date(o.create_date)) = (date(o_1.create_date))))",
                "Shared Hit Blocks": 4,
                "Shared Read Blocks": 0,
                "Shared Dirtied Blocks": 0,
                "Shared Written Blocks": 0,
                "Local Hit Blocks": 0,
                "Local Read Blocks": 0,
                "Local Dirtied Blocks": 0,
                "Local Written Blocks": 0,
                "Temp Read Blocks": 0,
                "Temp Written Blocks": 0,
                "Plans": [
                  {
                    "Node Type": "Aggregate",
                    "Strategy": "Sorted",
                    "Partial Mode": "Simple",
                    "Parent Relationship": "Outer",
                    "Parallel Aware": false,
                    "Async Capable": false,
                    "Startup Cost": 12.02,
                    "Total Cost": 12.09,
                    "Plan Rows": 2,
                    "Plan Width": 88,
                    "Actual Startup Time": 0.566,
                    "Actual Total Time": 0.567,
                    "Actual Rows": 1,
                    "Actual Loops": 1,
                    "Group Key": [
                      "o.branch_id",
                      "(date(o.create_date))"
                    ],
                    "Shared Hit Blocks": 1,
                    "Shared Read Blocks": 0,
                    "Shared Dirtied Blocks": 0,
                    "Shared Written Blocks": 0,
                    "Local Hit Blocks": 0,
                    "Local Read Blocks": 0,
                    "Local Dirtied Blocks": 0,
                    "Local Written Blocks": 0,
                    "Temp Read Blocks": 0,
                    "Temp Written Blocks": 0,
                    "Plans": [
                      {
                        "Node Type": "Sort",
                        "Parent Relationship": "Outer",
                        "Parallel Aware": false,
                        "Async Capable": false,
                        "Startup Cost": 12.02,
                        "Total Cost": 12.02,
                        "Plan Rows": 2,
                        "Plan Width": 52,
                        "Actual Startup Time": 0.454,
                        "Actual Total Time": 0.455,
                        "Actual Rows": 3,
                        "Actual Loops": 1,
                        "Sort Key": [
                          "o.branch_id",
                          "(date(o.create_date))"
                        ],
                        "Sort Method": "quicksort",
                        "Sort Space Used": 25,
                        "Sort Space Type": "Memory",
                        "Shared Hit Blocks": 1,
                        "Shared Read Blocks": 0,
                        "Shared Dirtied Blocks": 0,
                        "Shared Written Blocks": 0,
                        "Local Hit Blocks": 0,
                        "Local Read Blocks": 0,
                        "Local Dirtied Blocks": 0,
                        "Local Written Blocks": 0,
                        "Temp Read Blocks": 0,
                        "Temp Written Blocks": 0,
                        "Plans": [
                          {
                            "Node Type": "Seq Scan",
                            "Parent Relationship": "Outer",
                            "Parallel Aware": false,
                            "Async Capable": false,
                            "Relation Name": "sales_orders",
                            "Alias": "o",
                            "Startup Cost": 0,
                            "Total Cost": 12.01,
                            "Plan Rows": 2,
                            "Plan Width": 52,
                            "Actual Startup Time": 0.069,
                            "Actual Total Time": 0.072,
                            "Actual Rows": 3,
                            "Actual Loops": 1,
                            "Filter": "(status = ANY ('{Paid,Completed}'::sales_orders_status_enum[]))",
                            "Rows Removed by Filter": 0,
                            "Shared Hit Blocks": 1,
                            "Shared Read Blocks": 0,
                            "Shared Dirtied Blocks": 0,
                            "Shared Written Blocks": 0,
                            "Local Hit Blocks": 0,
                            "Local Read Blocks": 0,
                            "Local Dirtied Blocks": 0,
                            "Local Written Blocks": 0,
                            "Temp Read Blocks": 0,
                            "Temp Written Blocks": 0
                          }
                        ]
                      }
                    ]
                  },
                  {
                    "Node Type": "Aggregate",
                    "Strategy": "Sorted",
                    "Partial Mode": "Simple",
                    "Parent Relationship": "Inner",
                    "Parallel Aware": false,
                    "Async Capable": false,
                    "Startup Cost": 40.32,
                    "Total Cost": 40.45,
                    "Plan Rows": 2,
                    "Plan Width": 180,
                    "Actual Startup Time": 0.655,
                    "Actual Total Time": 0.657,
                    "Actual Rows": 1,
                    "Actual Loops": 1,
                    "Group Key": [
                      "o_1.branch_id",
                      "(date(o_1.create_date))"
                    ],
                    "Shared Hit Blocks": 3,
                    "Shared Read Blocks": 0,
                    "Shared Dirtied Blocks": 0,
                    "Shared Written Blocks": 0,
                    "Local Hit Blocks": 0,
                    "Local Read Blocks": 0,
                    "Local Dirtied Blocks": 0,
                    "Local Written Blocks": 0,
                    "Temp Read Blocks": 0,
                    "Temp Written Blocks": 0,
                    "Plans": [
                      {
                        "Node Type": "Sort",
                        "Parent Relationship": "Outer",
                        "Parallel Aware": false,
                        "Async Capable": false,
                        "Startup Cost": 40.32,
                        "Total Cost": 40.33,
                        "Plan Rows": 2,
                        "Plan Width": 476,
                        "Actual Startup Time": 0.262,
                        "Actual Total Time": 0.265,
                        "Actual Rows": 3,
                        "Actual Loops": 1,
                        "Sort Key": [
                          "o_1.branch_id",
                          "(date(o_1.create_date))"
                        ],
                        "Sort Method": "quicksort",
                        "Sort Space Used": 25,
                        "Sort Space Type": "Memory",
                        "Shared Hit Blocks": 3,
                        "Shared Read Blocks": 0,
                        "Shared Dirtied Blocks": 0,
                        "Shared Written Blocks": 0,
                        "Local Hit Blocks": 0,
                        "Local Read Blocks": 0,
                        "Local Dirtied Blocks": 0,
                        "Local Written Blocks": 0,
                        "Temp Read Blocks": 0,
                        "Temp Written Blocks": 0,
                        "Plans": [
                          {
                            "Node Type": "Nested Loop",
                            "Parent Relationship": "Outer",
                            "Parallel Aware": false,
                            "Async Capable": false,
                            "Join Type": "Left",
                            "Startup Cost": 16.02,
                            "Total Cost": 40.31,
                            "Plan Rows": 2,
                            "Plan Width": 476,
                            "Actual Startup Time": 0.231,
                            "Actual Total Time": 0.241,
                            "Actual Rows": 3,
                            "Actual Loops": 1,
                            "Inner Unique": false,
                            "Join Filter": "(p.order_id = o_1.id)",
                            "Rows Removed by Join Filter": 6,
                            "Shared Hit Blocks": 3,
                            "Shared Read Blocks": 0,
                            "Shared Dirtied Blocks": 0,
                            "Shared Written Blocks": 0,
                            "Local Hit Blocks": 0,
                            "Local Read Blocks": 0,
                            "Local Dirtied Blocks": 0,
                            "Local Written Blocks": 0,
                            "Temp Read Blocks": 0,
                            "Temp Written Blocks": 0,
                            "Plans": [
                              {
                                "Node Type": "Seq Scan",
                                "Parent Relationship": "Outer",
                                "Parallel Aware": false,
                                "Async Capable": false,
                                "Relation Name": "sales_orders",
                                "Alias": "o_1",
                                "Startup Cost": 0,
                                "Total Cost": 12,
                                "Plan Rows": 2,
                                "Plan Width": 44,
                                "Actual Startup Time": 0.009,
                                "Actual Total Time": 0.011,
                                "Actual Rows": 3,
                                "Actual Loops": 1,
                                "Filter": "(status = ANY ('{Paid,Completed}'::sales_orders_status_enum[]))",
                                "Rows Removed by Filter": 0,
                                "Shared Hit Blocks": 1,
                                "Shared Read Blocks": 0,
                                "Shared Dirtied Blocks": 0,
                                "Shared Written Blocks": 0,
                                "Local Hit Blocks": 0,
                                "Local Read Blocks": 0,
                                "Local Dirtied Blocks": 0,
                                "Local Written Blocks": 0,
                                "Temp Read Blocks": 0,
                                "Temp Written Blocks": 0
                              },
                              {
                                "Node Type": "Materialize",
                                "Parent Relationship": "Inner",
                                "Parallel Aware": false,
                                "Async Capable": false,
                                "Startup Cost": 16.02,
                                "Total Cost": 28.25,
                                "Plan Rows": 2,
                                "Plan Width": 468,
                                "Actual Startup Time": 0.071,
                                "Actual Total Time": 0.074,
                                "Actual Rows": 3,
                                "Actual Loops": 3,
                                "Shared Hit Blocks": 2,
                                "Shared Read Blocks": 0,
                                "Shared Dirtied Blocks": 0,
                                "Shared Written Blocks": 0,
                                "Local Hit Blocks": 0,
                                "Local Read Blocks": 0,
                                "Local Dirtied Blocks": 0,
                                "Local Written Blocks": 0,
                                "Temp Read Blocks": 0,
                                "Temp Written Blocks": 0,
                                "Plans": [
                                  {
                                    "Node Type": "Hash Join",
                                    "Parent Relationship": "Outer",
                                    "Parallel Aware": false,
                                    "Async Capable": false,
                                    "Join Type": "Right",
                                    "Startup Cost": 16.02,
                                    "Total Cost": 28.24,
                                    "Plan Rows": 2,
                                    "Plan Width": 468,
                                    "Actual Startup Time": 0.205,
                                    "Actual Total Time": 0.21,
                                    "Actual Rows": 3,
                                    "Actual Loops": 1,
                                    "Inner Unique": false,
                                    "Hash Cond": "(pm.id = p.payment_method_id)",
                                    "Shared Hit Blocks": 2,
                                    "Shared Read Blocks": 0,
                                    "Shared Dirtied Blocks": 0,
                                    "Shared Written Blocks": 0,
                                    "Local Hit Blocks": 0,
                                    "Local Read Blocks": 0,
                                    "Local Dirtied Blocks": 0,
                                    "Local Written Blocks": 0,
                                    "Temp Read Blocks": 0,
                                    "Temp Written Blocks": 0,
                                    "Plans": [
                                      {
                                        "Node Type": "Seq Scan",
                                        "Parent Relationship": "Outer",
                                        "Parallel Aware": false,
                                        "Async Capable": false,
                                        "Relation Name": "payment_method",
                                        "Alias": "pm",
                                        "Startup Cost": 0,
                                        "Total Cost": 11.6,
                                        "Plan Rows": 160,
                                        "Plan Width": 452,
                                        "Actual Startup Time": 0.076,
                                        "Actual Total Time": 0.076,
                                        "Actual Rows": 1,
                                        "Actual Loops": 1,
                                        "Shared Hit Blocks": 1,
                                        "Shared Read Blocks": 0,
                                        "Shared Dirtied Blocks": 0,
                                        "Shared Written Blocks": 0,
                                        "Local Hit Blocks": 0,
                                        "Local Read Blocks": 0,
                                        "Local Dirtied Blocks": 0,
                                        "Local Written Blocks": 0,
                                        "Temp Read Blocks": 0,
                                        "Temp Written Blocks": 0
                                      },
                                      {
                                        "Node Type": "Hash",
                                        "Parent Relationship": "Inner",
                                        "Parallel Aware": false,
                                        "Async Capable": false,
                                        "Startup Cost": 16,
                                        "Total Cost": 16,
                                        "Plan Rows": 2,
                                        "Plan Width": 48,
                                        "Actual Startup Time": 0.108,
                                        "Actual Total Time": 0.108,
                                        "Actual Rows": 3,
                                        "Actual Loops": 1,
                                        "Hash Buckets": 1024,
                                        "Original Hash Buckets": 1024,
                                        "Hash Batches": 1,
                                        "Original Hash Batches": 1,
                                        "Peak Memory Usage": 9,
                                        "Shared Hit Blocks": 1,
                                        "Shared Read Blocks": 0,
                                        "Shared Dirtied Blocks": 0,
                                        "Shared Written Blocks": 0,
                                        "Local Hit Blocks": 0,
                                        "Local Read Blocks": 0,
                                        "Local Dirtied Blocks": 0,
                                        "Local Written Blocks": 0,
                                        "Temp Read Blocks": 0,
                                        "Temp Written Blocks": 0,
                                        "Plans": [
                                          {
                                            "Node Type": "Seq Scan",
                                            "Parent Relationship": "Outer",
                                            "Parallel Aware": false,
                                            "Async Capable": false,
                                            "Relation Name": "payments",
                                            "Alias": "p",
                                            "Startup Cost": 0,
                                            "Total Cost": 16,
                                            "Plan Rows": 2,
                                            "Plan Width": 48,
                                            "Actual Startup Time": 0.09,
                                            "Actual Total Time": 0.092,
                                            "Actual Rows": 3,
                                            "Actual Loops": 1,
                                            "Filter": "(status = 'Success'::payments_status_enum)",
                                            "Rows Removed by Filter": 0,
                                            "Shared Hit Blocks": 1,
                                            "Shared Read Blocks": 0,
                                            "Shared Dirtied Blocks": 0,
                                            "Shared Written Blocks": 0,
                                            "Local Hit Blocks": 0,
                                            "Local Read Blocks": 0,
                                            "Local Dirtied Blocks": 0,
                                            "Local Written Blocks": 0,
                                            "Temp Read Blocks": 0,
                                            "Temp Written Blocks": 0
                                          }
                                        ]
                                      }
                                    ]
                                  }
                                ]
                              }
                            ]
                          }
                        ]
                      }
                    ]
                  }
                ]
              }
            ]
          },
          "Planning": {
            "Shared Hit Blocks": 291,
            "Shared Read Blocks": 0,
            "Shared Dirtied Blocks": 0,
            "Shared Written Blocks": 0,
            "Local Hit Blocks": 0,
            "Local Read Blocks": 0,
            "Local Dirtied Blocks": 0,
            "Local Written Blocks": 0,
            "Temp Read Blocks": 0,
            "Temp Written Blocks": 0
          },
          "Planning Time": 6.76,
          "Triggers": [],
          "Execution Time": 1.608
        }
      ]
    },
    {
      "name": "dashboard.top-items",
      "sql": "SELECT *\n    FROM top_selling_items_view\n    \n    ORDER BY total_quantity DESC\n    LIMIT $1",
      "params": [
        10
      ],
      "summary": {
        "executionTimeMs": 1.657,
        "planningTimeMs": 0.964,
        "sharedHitBlocks": 23,
        "sharedReadBlocks": 0,
        "planRows": 6,
        "actualRows": 1,
        "nodeType": "Limit"
      },
      "plan": [
        {
          "Plan": {
            "Node Type": "Limit",
            "Parallel Aware": false,
            "Async Capable": false,
            "Startup Cost": 33.05,
            "Total Cost": 33.06,
            "Plan Rows": 6,
            "Plan Width": 338,
            "Actual Startup Time": 1.387,
            "Actual Total Time": 1.391,
            "Actual Rows": 1,
            "Actual Loops": 1,
            "Shared Hit Blocks": 23,
            "Shared Read Blocks": 0,
            "Shared Dirtied Blocks": 0,
            "Shared Written Blocks": 0,
            "Local Hit Blocks": 0,
            "Local Read Blocks": 0,
            "Local Dirtied Blocks": 0,
            "Local Written Blocks": 0,
            "Temp Read Blocks": 0,
            "Temp Written Blocks": 0,
            "Plans": [
              {
                "Node Type": "Sort",
                "Parent Relationship": "Outer",
                "Parallel Aware": false,
                "Async Capable": false,
                "Startup Cost": 33.05,
                "Total Cost": 33.06,
                "Plan Rows": 6,
                "Plan Width": 338,
                "Actual Startup Time": 1.386,
                "Actual Total Time": 1.388,
                "Actual Rows": 1,
                "Actual Loops": 1,
                "Sort Key": [
                  "(sum(oi.quantity)) DESC"
                ],
                "Sort Method": "quicksort",
                "Sort Space Used": 25,
                "Sort Space Type": "Memory",
                "Shared Hit Blocks": 23,
                "Shared Read Blocks": 0,
                "Shared Dirtied Blocks": 0,
                "Shared Written Blocks": 0,
                "Local Hit Blocks": 0,
                "Local Read Blocks": 0,
                "Local Dirtied Blocks": 0,
                "Local Written Blocks": 0,
                "Temp Read Blocks": 0,
                "Temp Written Blocks": 0,
                "Plans": [
                  {
                    "Node Type": "Aggregate",
                    "Strategy": "Sorted",
                    "Partial Mode": "Simple",
                    "Parent Relationship": "Outer",
                    "Parallel Aware": false,
                    "Async Capable": false,
                    "Startup Cost": 32.71,
                    "Total Cost": 32.91,
                    "Plan Rows": 6,
                    "Plan Width": 338,
                    "Actual Startup Time": 1.298,
                    "Actual Total Time": 1.3,
                    "Actual Rows": 1,
                    "Actual Loops": 1,
                    "Group Key": [
                      "o.branch_id",
                      "oi.product_id",
                      "p.display_name",
                      "p.img_url",
                      "p.category_id"
                    ],
                    "Shared Hit Blocks": 20,
                    "Shared Read Blocks": 0,
                    "Shared Dirtied Blocks": 0,
                    "Shared Written Blocks": 0,
                    "Local Hit Blocks": 0,
                    "Local Read Blocks": 0,
                    "Local Dirtied Blocks": 0,
                    "Local Written Blocks": 0,
                    "Temp Read Blocks": 0,
                    "Temp Written Blocks": 0,
                    "Plans": [
                      {
                        "Node Type": "Sort",
                        "Parent Relationship": "Outer",
                        "Parallel Aware": false,
                        "Async Capable": false,
                        "Startup Cost": 32.71,
                        "Total Cost": 32.73,
                        "Plan Rows": 6,
                        "Plan Width": 318,
                        "Actual Startup Time": 1.279,
                        "Actual Total Time": 1.281,
                        "Actual Rows": 3,
                        "Actual Loops": 1,
                        "Sort Key": [
                          "o.branch_id",
                          "oi.product_id",
                          "p.display_name",
                          "p.img_url",
                          "p.category_id"
                        ],
                        "Sort Method": "quicksort",
                        "Sort Space Used": 25,
                        "Sort Space Type": "Memory",
                        "Shared Hit Blocks": 20,
                        "Shared Read Blocks": 0,
                        "Shared Dirtied Blocks": 0,
                        "Shared Written Blocks": 0,
                        "Local Hit Blocks": 0,
                        "Local Read Blocks": 0,
                        "Local Dirtied Blocks": 0,
                        "Local Written Blocks": 0,
                        "Temp Read Blocks": 0,
                        "Temp Written Blocks": 0,
                        "Plans": [
                          {
                            "Node Type": "Nested Loop",
                            "Parent Relationship": "Outer",
                            "Parallel Aware": false,
                            "Async Capable": false,
                            "Join Type": "Left",
                            "Startup Cost": 4.31,
                            "Total Cost": 32.64,
                            "Plan Rows": 6,
                            "Plan Width": 318,
                            "Actual Startup Time": 1.165,
                            "Actual Total Time": 1.203,
                            "Actual Rows": 3,
                            "Actual Loops": 1,
                            "Inner Unique": true,
                            "Shared Hit Blocks": 17,
                            "Shared Read Blocks": 0,
                            "Shared Dirtied Blocks": 0,
                            "Shared Written Blocks": 0,
                            "Local Hit Blocks": 0,
                            "Local Read Blocks": 0,
                            "Local Dirtied Blocks": 0,
                            "Local Written Blocks": 0,
                            "Temp Read Blocks": 0,
                            "Temp Written Blocks": 0,
                            "Plans": [
                              {
                                "Node Type": "Nested Loop",
                                "Parent Relationship": "Outer",
                                "Parallel Aware": false,
                                "Async Capable": false,
                                "Join Type": "Inner",
                                "Startup Cost": 4.16,
                                "Total Cost": 31.08,
                                "Plan Rows": 6,
                                "Plan Width": 52,
                                "Actual Startup Time": 0.985,
                                "Actual Total Time": 1.018,
                                "Actual Rows": 3,
                                "Actual Loops": 1,
                                "Inner Unique": false,
                                "Shared Hit Blocks": 11,
                                "Shared Read Blocks": 0,
                                "Shared Dirtied Blocks": 0,
                                "Shared Written Blocks": 0,
                                "Local Hit Blocks": 0,
                                "Local Read Blocks": 0,
                                "Local Dirtied Blocks": 0,
                                "Local Written Blocks": 0,
                                "Temp Read Blocks": 0,
                                "Temp Written Blocks": 0,
                                "Plans": [
                                  {
                                    "Node Type": "Seq Scan",
                                    "Parent Relationship": "Outer",
                                    "Parallel Aware": false,
                                    "Async Capable": false,
                                    "Relation Name": "sales_orders",
                                    "Alias": "o",
                                    "Startup Cost": 0,
                                    "Total Cost": 12,
                                    "Plan Rows": 2,
                                    "Plan Width": 32,
                                    "Actual Startup Time": 0.02,
                                    "Actual Total Time": 0.026,
                                    "Actual Rows": 3,
                                    "Actual Loops": 1,
                                    "Filter": "(status = ANY ('{Paid,Completed}'::sales_orders_status_enum[]))",
                                    "Rows Removed by Filter": 0,
                                    "Shared Hit Blocks": 1,
                                    "Shared Read Blocks": 0,
                                    "Shared Dirtied Blocks": 0,
                                    "Shared Written Blocks": 0,
                                    "Local Hit Blocks": 0,
                                    "Local Read Blocks": 0,
                                    "Local Dirtied Blocks": 0,
                                    "Local Written Blocks": 0,
                                    "Temp Read Blocks": 0,
                                    "Temp Written Blocks": 0
                                  },
                                  {
                                    "Node Type": "Bitmap Heap Scan",
                                    "Parent Relationship": "Inner",
                                    "Parallel Aware": false,
                                    "Async Capable": false,
                                    "Relation Name": "sales_order_item",
                                    "Alias": "oi",
                                    "Startup Cost": 4.16,
                                    "Total Cost": 9.52,
                                    "Plan Rows": 2,
                                    "Plan Width": 52,
                                    "Actual Startup Time": 0.114,
                                    "Actual Total Time": 0.115,
                                    "Actual Rows": 1,
                                    "Actual Loops": 3,
                                    "Recheck Cond": "(order_id = o.id)",
                                    "Rows Removed by Index Recheck": 0,
                                    "Filter": "((status)::text <> ALL ('{Cancelled,cancelled}'::text[]))",
                                    "Rows Removed by Filter": 1,
                                    "Exact Heap Blocks": 3,
                                    "Lossy Heap Blocks": 0,
                                    "Shared Hit Blocks": 10,
                                    "Shared Read Blocks": 0,
                                    "Shared Dirtied Blocks": 0,
                                    "Shared Written Blocks": 0,
                                    "Local Hit Blocks": 0,
                                    "Local Read Blocks": 0,
                                    "Local Dirtied Blocks": 0,
                                    "Local Written Blocks": 0,
                                    "Temp Read Blocks": 0,
                                    "Temp Written Blocks": 0,
                                    "Plans": [
                                      {
                                        "Node Type": "Bitmap Index Scan",
                                        "Parent Relationship": "Outer",
                                        "Parallel Aware": false,
                                        "Async Capable": false,
                                        "Index Name": "IDX_4759a2cc727c8989652f479c64",
                                        "Startup Cost": 0,
                                        "Total Cost": 4.16,
                                        "Plan Rows": 2,
                                        "Plan Width": 0,
                                        "Actual Startup Time": 0.04,
                                        "Actual Total Time": 0.04,
                                        "Actual Rows": 4,
                                        "Actual Loops": 3,
                                        "Index Cond": "(order_id = o.id)",
                                        "Shared Hit Blocks": 3,
                                        "Shared Read Blocks": 0,
                                        "Shared Dirtied Blocks": 0,
                                        "Shared Written Blocks": 0,
                                        "Local Hit Blocks": 0,
                                        "Local Read Blocks": 0,
                                        "Local Dirtied Blocks": 0,
                                        "Local Written Blocks": 0,
                                        "Temp Read Blocks": 0,
                                        "Temp Written Blocks": 0
                                      }
                                    ]
                                  }
                                ]
                              },
                              {
                                "Node Type": "Index Scan",
                                "Parent Relationship": "Inner",
                                "Parallel Aware": false,
                                "Async Capable": false,
                                "Scan Direction": "Forward",
                                "Index Name": "PK_0806c755e0aca124e67c0cf6d7d",
                                "Relation Name": "products",
                                "Alias": "p",
                                "Startup Cost": 0.14,
                                "Total Cost": 0.26,
                                "Plan Rows": 1,
                                "Plan Width": 282,
                                "Actual Startup Time": 0.059,
                                "Actual Total Time": 0.059,
                                "Actual Rows": 1,
                                "Actual Loops": 3,
                                "Index Cond": "(id = oi.product_id)",
                                "Rows Removed by Index Recheck": 0,
                                "Shared Hit Blocks": 6,
                                "Shared Read Blocks": 0,
                                "Shared Dirtied Blocks": 0,
                                "Shared Written Blocks": 0,
                                "Local Hit Blocks": 0,
                                "Local Read Blocks": 0,
                                "Local Dirtied Blocks": 0,
                                "Local Written Blocks": 0,
                                "Temp Read Blocks": 0,
                                "Temp Written Blocks": 0
                              }
                            ]
                          }
                        ]
                      }
                    ]
                  }
                ]
              }
            ]
          },
          "Planning": {
            "Shared Hit Blocks": 21,
            "Shared Read Blocks": 0,
            "Shared Dirtied Blocks": 0,
            "Shared Written Blocks": 0,
            "Local Hit Blocks": 0,
            "Local Read Blocks": 0,
            "Local Dirtied Blocks": 0,
            "Local Written Blocks": 0,
            "Temp Read Blocks": 0,
            "Temp Written Blocks": 0
          },
          "Planning Time": 0.964,
          "Triggers": [],
          "Execution Time": 1.657
        }
      ]
    }
  ]
}