{
  "generatedAt": "2026-02-12T20:11:00.844Z",
  "config": {
    "page": 1,
    "limit": 50,
    "statuses": [
      "Pending",
      "Cooking",
      "Served",
      "WaitingForPayment"
    ],
    "orderType": null,
    "query": null,
    "branchId": null,
    "startDate": null,
    "endDate": null,
    "topItemsLimit": 10
  },
  "reports": [
    {
      "name": "orders.summary.count",
      "sql": "SELECT COUNT(*)::int AS total\n    FROM sales_orders o\n    LEFT JOIN tables t ON t.id = o.table_id\n    LEFT JOIN delivery d ON d.id = o.delivery_id\n    WHERE o.status::text = ANY($1)",
      "params": [
        [
          "Pending",
          "Cooking",
          "Served",
          "WaitingForPayment"
        ]
      ],
      "summary": {
        "executionTimeMs": 0.102,
        "planningTimeMs": 6.431,
        "sharedHitBlocks": 1,
        "sharedReadBlocks": 0,
        "planRows": 1,
        "actualRows": 1,
        "nodeType": "Aggregate"
      },
      "plan": [
        {
          "Plan": {
            "Node Type": "Aggregate",
            "Strategy": "Plain",
            "Partial Mode": "Simple",
            "Parallel Aware": false,
            "Async Capable": false,
            "Startup Cost": 13.21,
            "Total Cost": 13.22,
            "Plan Rows": 1,
            "Plan Width": 4,
            "Actual Startup Time": 0.019,
            "Actual Total Time": 0.02,
            "Actual Rows": 1,
            "Actual Loops": 1,
            "Shared Hit Blocks": 1,
            "Shared Read Blocks": 0,
            "Shared Dirtied Blocks": 0,
            "Shared Written Blocks": 0,
            "Local Hit Blocks": 0,
            "Local Read Blocks": 0,
            "Local Dirtied Blocks": 0,
            "Local Written Blocks": 0,
            "Temp Read Blocks": 0,
            "Temp Written Blocks": 0,
            "Plans": [
              {
                "Node Type": "Seq Scan",
                "Parent Relationship": "Outer",
                "Parallel Aware": false,
                "Async Capable": false,
                "Relation Name": "sales_orders",
                "Alias": "o",
                "Startup Cost": 0,
                "Total Cost": 13.2,
                "Plan Rows": 4,
                "Plan Width": 0,
                "Actual Startup Time": 0.015,
                "Actual Total Time": 0.016,
                "Actual Rows": 0,
                "Actual Loops": 1,
                "Filter": "((status)::text = ANY ('{Pending,Cooking,Served,WaitingForPayment}'::text[]))",
                "Rows Removed by Filter": 0,
                "Shared Hit Blocks": 1,
                "Shared Read Blocks": 0,
                "Shared Dirtied Blocks": 0,
                "Shared Written Blocks": 0,
                "Local Hit Blocks": 0,
                "Local Read Blocks": 0,
                "Local Dirtied Blocks": 0,
                "Local Written Blocks": 0,
                "Temp Read Blocks": 0,
                "Temp Written Blocks": 0
              }
            ]
          },
          "Planning": {
            "Shared Hit Blocks": 509,
            "Shared Read Blocks": 0,
            "Shared Dirtied Blocks": 0,
            "Shared Written Blocks": 0,
            "Local Hit Blocks": 0,
            "Local Read Blocks": 0,
            "Local Dirtied Blocks": 0,
            "Local Written Blocks": 0,
            "Temp Read Blocks": 0,
            "Temp Written Blocks": 0
          },
          "Planning Time": 6.431,
          "Triggers": [],
          "Execution Time": 0.102
        }
      ]
    },
    {
      "name": "orders.summary.data",
      "sql": "WITH base_orders AS (\n      SELECT\n        o.id,\n        o.order_no,\n        o.order_type,\n        o.status,\n        o.create_date,\n        o.total_amount,\n        o.delivery_code,\n        o.table_id,\n        o.delivery_id,\n        t.table_name AS table_name,\n        d.delivery_name AS delivery_name\n      FROM sales_orders o\n      LEFT JOIN tables t ON t.id = o.table_id\n      LEFT JOIN delivery d ON d.id = o.delivery_id\n      WHERE o.status::text = ANY($1)\n      ORDER BY o.create_date DESC\n      LIMIT $2 OFFSET $3\n    ),\n    item_agg_raw AS (\n      SELECT\n        i.order_id,\n        c.display_name AS category_name,\n        SUM(i.quantity)::int AS qty\n      FROM sales_order_item i\n      INNER JOIN base_orders bo ON bo.id = i.order_id\n      LEFT JOIN products p ON p.id = i.product_id\n      LEFT JOIN category c ON c.id = p.category_id\n      WHERE i.status::text NOT IN ('Cancelled', 'cancelled')\n      GROUP BY i.order_id, c.display_name\n    ),\n    item_agg AS (\n      SELECT\n        order_id,\n        jsonb_object_agg(category_name, qty) FILTER (WHERE category_name IS NOT NULL) AS items_summary,\n        SUM(qty)::int AS items_count\n      FROM item_agg_raw\n      GROUP BY order_id\n    )\n    SELECT\n      bo.id,\n      bo.order_no,\n      bo.order_type,\n      bo.status,\n      bo.create_date,\n      bo.total_amount,\n      bo.delivery_code,\n      bo.table_id,\n      bo.delivery_id,\n      bo.table_name,\n      bo.delivery_name,\n      COALESCE(ia.items_summary, '{}'::jsonb) AS items_summary,\n      COALESCE(ia.items_count, 0) AS items_count\n    FROM base_orders bo\n    LEFT JOIN item_agg ia ON ia.order_id = bo.id\n    ORDER BY bo.create_date DESC",
      "params": [
        [
          "Pending",
          "Cooking",
          "Served",
          "WaitingForPayment"
        ],
        50,
        0
      ],
      "summary": {
        "executionTimeMs": 0.573,
        "planningTimeMs": 4.497,
        "sharedHitBlocks": 4,
        "sharedReadBlocks": 0,
        "planRows": 4,
        "actualRows": 0,
        "nodeType": "Sort"
      },
      "plan": [
        {
          "Plan": {
            "Node Type": "Sort",
            "Parallel Aware": false,
            "Async Capable": false,
            "Startup Cost": 66.47,
            "Total Cost": 66.48,
            "Plan Rows": 4,
            "Plan Width": 1398,
            "Actual Startup Time": 0.138,
            "Actual Total Time": 0.141,
            "Actual Rows": 0,
            "Actual Loops": 1,
            "Sort Key": [
              "bo.create_date DESC"
            ],
            "Sort Method": "quicksort",
            "Sort Space Used": 25,
            "Sort Space Type": "Memory",
            "Shared Hit Blocks": 4,
            "Shared Read Blocks": 0,
            "Shared Dirtied Blocks": 0,
            "Shared Written Blocks": 0,
            "Local Hit Blocks": 0,
            "Local Read Blocks": 0,
            "Local Dirtied Blocks": 0,
            "Local Written Blocks": 0,
            "Temp Read Blocks": 0,
            "Temp Written Blocks": 0,
            "Plans": [
              {
                "Node Type": "Limit",
                "Parent Relationship": "InitPlan",
                "Subplan Name": "CTE base_orders",
                "Parallel Aware": false,
                "Async Capable": false,
                "Startup Cost": 36.55,
                "Total Cost": 36.56,
                "Plan Rows": 4,
                "Plan Width": 1362,
                "Actual Startup Time": 0.063,
                "Actual Total Time": 0.065,
                "Actual Rows": 0,
                "Actual Loops": 1,
                "Shared Hit Blocks": 1,
                "Shared Read Blocks": 0,
                "Shared Dirtied Blocks": 0,
                "Shared Written Blocks": 0,
                "Local Hit Blocks": 0,
                "Local Read Blocks": 0,
                "Local Dirtied Blocks": 0,
                "Local Written Blocks": 0,
                "Temp Read Blocks": 0,
                "Temp Written Blocks": 0,
                "Plans": [
                  {
                    "Node Type": "Sort",
                    "Parent Relationship": "Outer",
                    "Parallel Aware": false,
                    "Async Capable": false,
                    "Startup Cost": 36.55,
                    "Total Cost": 36.56,
                    "Plan Rows": 4,
                    "Plan Width": 1362,
                    "Actual Startup Time": 0.062,
                    "Actual Total Time": 0.064,
                    "Actual Rows": 0,
                    "Actual Loops": 1,
                    "Sort Key": [
                      "o.create_date DESC"
                    ],
                    "Sort Method": "quicksort",
                    "Sort Space Used": 25,
                    "Sort Space Type": "Memory",
                    "Shared Hit Blocks": 1,
                    "Shared Read Blocks": 0,
                    "Shared Dirtied Blocks": 0,
                    "Shared Written Blocks": 0,
                    "Local Hit Blocks": 0,
                    "Local Read Blocks": 0,
                    "Local Dirtied Blocks": 0,
                    "Local Written Blocks": 0,
                    "Temp Read Blocks": 0,
                    "Temp Written Blocks": 0,
                    "Plans": [
                      {
                        "Node Type": "Hash Join",
                        "Parent Relationship": "Outer",
                        "Parallel Aware": false,
                        "Async Capable": false,
                        "Join Type": "Right",
                        "Startup Cost": 24.7,
                        "Total Cost": 36.51,
                        "Plan Rows": 4,
                        "Plan Width": 1362,
                        "Actual Startup Time": 0.048,
                        "Actual Total Time": 0.049,
                        "Actual Rows": 0,
                        "Actual Loops": 1,
                        "Inner Unique": false,
                        "Hash Cond": "(t.id = o.table_id)",
                        "Shared Hit Blocks": 1,
                        "Shared Read Blocks": 0,
                        "Shared Dirtied Blocks": 0,
                        "Shared Written Blocks": 0,
                        "Local Hit Blocks": 0,
                        "Local Read Blocks": 0,
                        "Local Dirtied Blocks": 0,
                        "Local Written Blocks": 0,
                        "Temp Read Blocks": 0,
                        "Temp Written Blocks": 0,
                        "Plans": [
                          {
                            "Node Type": "Seq Scan",
                            "Parent Relationship": "Outer",
                            "Parallel Aware": false,
                            "Async Capable": false,
                            "Relation Name": "tables",
                            "Alias": "t",
                            "Startup Cost": 0,
                            "Total Cost": 11.3,
                            "Plan Rows": 130,
                            "Plan Width": 532,
                            "Actual Startup Time": 0,
                            "Actual Total Time": 0,
                            "Actual Rows": 0,
                            "Actual Loops": 0,
                            "Shared Hit Blocks": 0,
                            "Shared Read Blocks": 0,
                            "Shared Dirtied Blocks": 0,
                            "Shared Written Blocks": 0,
                            "Local Hit Blocks": 0,
                            "Local Read Blocks": 0,
                            "Local Dirtied Blocks": 0,
                            "Local Written Blocks": 0,
                            "Temp Read Blocks": 0,
                            "Temp Written Blocks": 0
                          },
                          {
                            "Node Type": "Hash",
                            "Parent Relationship": "Inner",
                            "Parallel Aware": false,
                            "Async Capable": false,
                            "Startup Cost": 24.64,
                            "Total Cost": 24.64,
                            "Plan Rows": 4,
                            "Plan Width": 846,
                            "Actual Startup Time": 0.028,
                            "Actual Total Time": 0.029,
                            "Actual Rows": 0,
                            "Actual Loops": 1,
                            "Hash Buckets": 1024,
                            "Original Hash Buckets": 1024,
                            "Hash Batches": 1,
                            "Original Hash Batches": 1,
                            "Peak Memory Usage": 8,
                            "Shared Hit Blocks": 1,
                            "Shared Read Blocks": 0,
                            "Shared Dirtied Blocks": 0,
                            "Shared Written Blocks": 0,
                            "Local Hit Blocks": 0,
                            "Local Read Blocks": 0,
                            "Local Dirtied Blocks": 0,
                            "Local Written Blocks": 0,
                            "Temp Read Blocks": 0,
                            "Temp Written Blocks": 0,
                            "Plans": [
                              {
                                "Node Type": "Hash Join",
                                "Parent Relationship": "Outer",
                                "Parallel Aware": false,
                                "Async Capable": false,
                                "Join Type": "Right",
                                "Startup Cost": 13.25,
                                "Total Cost": 24.64,
                                "Plan Rows": 4,
                                "Plan Width": 846,
                                "Actual Startup Time": 0.028,
                                "Actual Total Time": 0.029,
                                "Actual Rows": 0,
                                "Actual Loops": 1,
                                "Inner Unique": false,
                                "Hash Cond": "(d.id = o.delivery_id)",
                                "Shared Hit Blocks": 1,
                                "Shared Read Blocks": 0,
                                "Shared Dirtied Blocks": 0,
                                "Shared Written Blocks": 0,
                                "Local Hit Blocks": 0,
                                "Local Read Blocks": 0,
                                "Local Dirtied Blocks": 0,
                                "Local Written Blocks": 0,
                                "Temp Read Blocks": 0,
                                "Temp Written Blocks": 0,
                                "Plans": [
                                  {
                                    "Node Type": "Seq Scan",
                                    "Parent Relationship": "Outer",
                                    "Parallel Aware": false,
                                    "Async Capable": false,
                                    "Relation Name": "delivery",
                                    "Alias": "d",
                                    "Startup Cost": 0,
                                    "Total Cost": 11,
                                    "Plan Rows": 100,
                                    "Plan Width": 532,
                                    "Actual Startup Time": 0,
                                    "Actual Total Time": 0,
                                    "Actual Rows": 0,
                                    "Actual Loops": 0,
                                    "Shared Hit Blocks": 0,
                                    "Shared Read Blocks": 0,
                                    "Shared Dirtied Blocks": 0,
                                    "Shared Written Blocks": 0,
                                    "Local Hit Blocks": 0,
                                    "Local Read Blocks": 0,
                                    "Local Dirtied Blocks": 0,
                                    "Local Written Blocks": 0,
                                    "Temp Read Blocks": 0,
                                    "Temp Written Blocks": 0
                                  },
                                  {
                                    "Node Type": "Hash",
                                    "Parent Relationship": "Inner",
                                    "Parallel Aware": false,
                                    "Async Capable": false,
                                    "Startup Cost": 13.2,
                                    "Total Cost": 13.2,
                                    "Plan Rows": 4,
                                    "Plan Width": 330,
                                    "Actual Startup Time": 0.007,
                                    "Actual Total Time": 0.008,
                                    "Actual Rows": 0,
                                    "Actual Loops": 1,
                                    "Hash Buckets": 1024,
                                    "Original Hash Buckets": 1024,
                                    "Hash Batches": 1,
                                    "Original Hash Batches": 1,
                                    "Peak Memory Usage": 8,
                                    "Shared Hit Blocks": 1,
                                    "Shared Read Blocks": 0,
                                    "Shared Dirtied Blocks": 0,
                                    "Shared Written Blocks": 0,
                                    "Local Hit Blocks": 0,
                                    "Local Read Blocks": 0,
                                    "Local Dirtied Blocks": 0,
                                    "Local Written Blocks": 0,
                                    "Temp Read Blocks": 0,
                                    "Temp Written Blocks": 0,
                                    "Plans": [
                                      {
                                        "Node Type": "Seq Scan",
                                        "Parent Relationship": "Outer",
                                        "Parallel Aware": false,
                                        "Async Capable": false,
                                        "Relation Name": "sales_orders",
                                        "Alias": "o",
                                        "Startup Cost": 0,
                                        "Total Cost": 13.2,
                                        "Plan Rows": 4,
                                        "Plan Width": 330,
                                        "Actual Startup Time": 0.007,
                                        "Actual Total Time": 0.007,
                                        "Actual Rows": 0,
                                        "Actual Loops": 1,
                                        "Filter": "((status)::text = ANY ('{Pending,Cooking,Served,WaitingForPayment}'::text[]))",
                                        "Rows Removed by Filter": 0,
                                        "Shared Hit Blocks": 1,
                                        "Shared Read Blocks": 0,
                                        "Shared Dirtied Blocks": 0,
                                        "Shared Written Blocks": 0,
                                        "Local Hit Blocks": 0,
                                        "Local Read Blocks": 0,
                                        "Local Dirtied Blocks": 0,
                                        "Local Written Blocks": 0,
                                        "Temp Read Blocks": 0,
                                        "Temp Written Blocks": 0
                                      }
                                    ]
                                  }
                                ]
                              }
                            ]
                          }
                        ]
                      }
                    ]
                  }
                ]
              },
              {
                "Node Type": "Merge Join",
                "Parent Relationship": "Outer",
                "Parallel Aware": false,
                "Async Capable": false,
                "Join Type": "Left",
                "Startup Cost": 29.13,
                "Total Cost": 29.87,
                "Plan Rows": 4,
                "Plan Width": 1398,
                "Actual Startup Time": 0.085,
                "Actual Total Time": 0.087,
                "Actual Rows": 0,
                "Actual Loops": 1,
                "Inner Unique": true,
                "Merge Cond": "(bo.id = i.order_id)",
                "Shared Hit Blocks": 1,
                "Shared Read Blocks": 0,
                "Shared Dirtied Blocks": 0,
                "Shared Written Blocks": 0,
                "Local Hit Blocks": 0,
                "Local Read Blocks": 0,
                "Local Dirtied Blocks": 0,
                "Local Written Blocks": 0,
                "Temp Read Blocks": 0,
                "Temp Written Blocks": 0,
                "Plans": [
                  {
                    "Node Type": "Sort",
                    "Parent Relationship": "Outer",
                    "Parallel Aware": false,
                    "Async Capable": false,
                    "Startup Cost": 0.12,
                    "Total Cost": 0.13,
                    "Plan Rows": 4,
                    "Plan Width": 1362,
                    "Actual Startup Time": 0.085,
                    "Actual Total Time": 0.085,
                    "Actual Rows": 0,
                    "Actual Loops": 1,
                    "Sort Key": [
                      "bo.id"
                    ],
                    "Sort Method": "quicksort",
                    "Sort Space Used": 25,
                    "Sort Space Type": "Memory",
                    "Shared Hit Blocks": 1,
                    "Shared Read Blocks": 0,
                    "Shared Dirtied Blocks": 0,
                    "Shared Written Blocks": 0,
                    "Local Hit Blocks": 0,
                    "Local Read Blocks": 0,
                    "Local Dirtied Blocks": 0,
                    "Local Written Blocks": 0,
                    "Temp Read Blocks": 0,
                    "Temp Written Blocks": 0,
                    "Plans": [
                      {
                        "Node Type": "CTE Scan",
                        "Parent Relationship": "Outer",
                        "Parallel Aware": false,
                        "Async Capable": false,
                        "CTE Name": "base_orders",
                        "Alias": "bo",
                        "Startup Cost": 0,
                        "Total Cost": 0.08,
                        "Plan Rows": 4,
                        "Plan Width": 1362,
                        "Actual Startup Time": 0.064,
                        "Actual Total Time": 0.064,
                        "Actual Rows": 0,
                        "Actual Loops": 1,
                        "Shared Hit Blocks": 1,
                        "Shared Read Blocks": 0,
                        "Shared Dirtied Blocks": 0,
                        "Shared Written Blocks": 0,
                        "Local Hit Blocks": 0,
                        "Local Read Blocks": 0,
                        "Local Dirtied Blocks": 0,
                        "Local Written Blocks": 0,
                        "Temp Read Blocks": 0,
                        "Temp Written Blocks": 0
                      }
                    ]
                  },
                  {
                    "Node Type": "Aggregate",
                    "Strategy": "Sorted",
                    "Partial Mode": "Simple",
                    "Parent Relationship": "Inner",
                    "Parallel Aware": false,
                    "Async Capable": false,
                    "Startup Cost": 29.01,
                    "Total Cost": 29.56,
                    "Plan Rows": 10,
                    "Plan Width": 52,
                    "Actual Startup Time": 0,
                    "Actual Total Time": 0,
                    "Actual Rows": 0,
                    "Actual Loops": 0,
                    "Group Key": [
                      "i.order_id"
                    ],
                    "Shared Hit Blocks": 0,
                    "Shared Read Blocks": 0,
                    "Shared Dirtied Blocks": 0,
                    "Shared Written Blocks": 0,
                    "Local Hit Blocks": 0,
                    "Local Read Blocks": 0,
                    "Local Dirtied Blocks": 0,
                    "Local Written Blocks": 0,
                    "Temp Read Blocks": 0,
                    "Temp Written Blocks": 0,
                    "Plans": [
                      {
                        "Node Type": "Aggregate",
                        "Strategy": "Sorted",
                        "Partial Mode": "Simple",
                        "Parent Relationship": "Outer",
                        "Parallel Aware": false,
                        "Async Capable": false,
                        "Startup Cost": 29.01,
                        "Total Cost": 29.24,
                        "Plan Rows": 10,
                        "Plan Width": 238,
                        "Actual Startup Time": 0,
                        "Actual Total Time": 0,
                        "Actual Rows": 0,
                        "Actual Loops": 0,
                        "Group Key": [
                          "i.order_id",
                          "c.display_name"
                        ],
                        "Shared Hit Blocks": 0,
                        "Shared Read Blocks": 0,
                        "Shared Dirtied Blocks": 0,
                        "Shared Written Blocks": 0,
                        "Local Hit Blocks": 0,
                        "Local Read Blocks": 0,
                        "Local Dirtied Blocks": 0,
                        "Local Written Blocks": 0,
                        "Temp Read Blocks": 0,
                        "Temp Written Blocks": 0,
                        "Plans": [
                          {
                            "Node Type": "Sort",
                            "Parent Relationship": "Outer",
                            "Parallel Aware": false,
                            "Async Capable": false,
                            "Startup Cost": 29.01,
                            "Total Cost": 29.04,
                            "Plan Rows": 10,
                            "Plan Width": 238,
                            "Actual Startup Time": 0,
                            "Actual Total Time": 0,
                            "Actual Rows": 0,
                            "Actual Loops": 0,
                            "Sort Key": [
                              "i.order_id",
                              "c.display_name"
                            ],
                            "Shared Hit Blocks": 0,
                            "Shared Read Blocks": 0,
                            "Shared Dirtied Blocks": 0,
                            "Shared Written Blocks": 0,
                            "Local Hit Blocks": 0,
                            "Local Read Blocks": 0,
                            "Local Dirtied Blocks": 0,
                            "Local Written Blocks": 0,
                            "Temp Read Blocks": 0,
                            "Temp Written Blocks": 0,
                            "Plans": [
                              {
                                "Node Type": "Nested Loop",
                                "Parent Relationship": "Outer",
                                "Parallel Aware": false,
                                "Async Capable": false,
                                "Join Type": "Left",
                                "Startup Cost": 0.42,
                                "Total Cost": 28.85,
                                "Plan Rows": 10,
                                "Plan Width": 238,
                                "Actual Startup Time": 0,
                                "Actual Total Time": 0,
                                "Actual Rows": 0,
                                "Actual Loops": 0,
                                "Inner Unique": true,
                                "Shared Hit Blocks": 0,
                                "Shared Read Blocks": 0,
                                "Shared Dirtied Blocks": 0,
                                "Shared Written Blocks": 0,
                                "Local Hit Blocks": 0,
                                "Local Read Blocks": 0,
                                "Local Dirtied Blocks": 0,
                                "Local Written Blocks": 0,
                                "Temp Read Blocks": 0,
                                "Temp Written Blocks": 0,
                                "Plans": [
                                  {
                                    "Node Type": "Nested Loop",
                                    "Parent Relationship": "Outer",
                                    "Parallel Aware": false,
                                    "Async Capable": false,
                                    "Join Type": "Left",
                                    "Startup Cost": 0.27,
                                    "Total Cost": 23.22,
                                    "Plan Rows": 10,
                                    "Plan Width": 36,
                                    "Actual Startup Time": 0,
                                    "Actual Total Time": 0,
                                    "Actual Rows": 0,
                                    "Actual Loops": 0,
                                    "Inner Unique": true,
                                    "Shared Hit Blocks": 0,
                                    "Shared Read Blocks": 0,
                                    "Shared Dirtied Blocks": 0,
                                    "Shared Written Blocks": 0,
                                    "Local Hit Blocks": 0,
                                    "Local Read Blocks": 0,
                                    "Local Dirtied Blocks": 0,
                                    "Local Written Blocks": 0,
                                    "Temp Read Blocks": 0,
                                    "Temp Written Blocks": 0,
                                    "Plans": [
                                      {
                                        "Node Type": "Hash Join",
                                        "Parent Relationship": "Outer",
                                        "Parallel Aware": false,
                                        "Async Capable": false,
                                        "Join Type": "Inner",
                                        "Startup Cost": 0.13,
                                        "Total Cost": 20.62,
                                        "Plan Rows": 10,
                                        "Plan Width": 36,
                                        "Actual Startup Time": 0,
                                        "Actual Total Time": 0,
                                        "Actual Rows": 0,
                                        "Actual Loops": 0,
                                        "Inner Unique": false,
                                        "Hash Cond": "(i.order_id = bo_1.id)",
                                        "Shared Hit Blocks": 0,
                                        "Shared Read Blocks": 0,
                                        "Shared Dirtied Blocks": 0,
                                        "Shared Written Blocks": 0,
                                        "Local Hit Blocks": 0,
                                        "Local Read Blocks": 0,
                                        "Local Dirtied Blocks": 0,
                                        "Local Written Blocks": 0,
                                        "Temp Read Blocks": 0,
                                        "Temp Written Blocks": 0,
                                        "Plans": [
                                          {
                                            "Node Type": "Seq Scan",
                                            "Parent Relationship": "Outer",
                                            "Parallel Aware": false,
                                            "Async Capable": false,
                                            "Relation Name": "sales_order_item",
                                            "Alias": "i",
                                            "Startup Cost": 0,
                                            "Total Cost": 18.58,
                                            "Plan Rows": 485,
                                            "Plan Width": 36,
                                            "Actual Startup Time": 0,
                                            "Actual Total Time": 0,
                                            "Actual Rows": 0,
                                            "Actual Loops": 0,
                                            "Filter": "((status)::text <> ALL ('{Cancelled,cancelled}'::text[]))",
                                            "Rows Removed by Filter": 0,
                                            "Shared Hit Blocks": 0,
                                            "Shared Read Blocks": 0,
                                            "Shared Dirtied Blocks": 0,
                                            "Shared Written Blocks": 0,
                                            "Local Hit Blocks": 0,
                                            "Local Read Blocks": 0,
                                            "Local Dirtied Blocks": 0,
                                            "Local Written Blocks": 0,
                                            "Temp Read Blocks": 0,
                                            "Temp Written Blocks": 0
                                          },
                                          {
                                            "Node Type": "Hash",
                                            "Parent Relationship": "Inner",
                                            "Parallel Aware": false,
                                            "Async Capable": false,
                                            "Startup Cost": 0.08,
                                            "Total Cost": 0.08,
                                            "Plan Rows": 4,
                                            "Plan Width": 16,
                                            "Actual Startup Time": 0,
                                            "Actual Total Time": 0,
                                            "Actual Rows": 0,
                                            "Actual Loops": 0,
                                            "Shared Hit Blocks": 0,
                                            "Shared Read Blocks": 0,
                                            "Shared Dirtied Blocks": 0,
                                            "Shared Written Blocks": 0,
                                            "Local Hit Blocks": 0,
                                            "Local Read Blocks": 0,
                                            "Local Dirtied Blocks": 0,
                                            "Local Written Blocks": 0,
                                            "Temp Read Blocks": 0,
                                            "Temp Written Blocks": 0,
                                            "Plans": [
                                              {
                                                "Node Type": "CTE Scan",
                                                "Parent Relationship": "Outer",
                                                "Parallel Aware": false,
                                                "Async Capable": false,
                                                "CTE Name": "base_orders",
                                                "Alias": "bo_1",
                                                "Startup Cost": 0,
                                                "Total Cost": 0.08,
                                                "Plan Rows": 4,
                                                "Plan Width": 16,
                                                "Actual Startup Time": 0,
                                                "Actual Total Time": 0,
                                                "Actual Rows": 0,
                                                "Actual Loops": 0,
                                                "Shared Hit Blocks": 0,
                                                "Shared Read Blocks": 0,
                                                "Shared Dirtied Blocks": 0,
                                                "Shared Written Blocks": 0,
                                                "Local Hit Blocks": 0,
                                                "Local Read Blocks": 0,
                                                "Local Dirtied Blocks": 0,
                                                "Local Written Blocks": 0,
                                                "Temp Read Blocks": 0,
                                                "Temp Written Blocks": 0
                                              }
                                            ]
                                          }
                                        ]
                                      },
                                      {
                                        "Node Type": "Index Scan",
                                        "Parent Relationship": "Inner",
                                        "Parallel Aware": false,
                                        "Async Capable": false,
                                        "Scan Direction": "Forward",
                                        "Index Name": "PK_0806c755e0aca124e67c0cf6d7d",
                                        "Relation Name": "products",
                                        "Alias": "p",
                                        "Startup Cost": 0.14,
                                        "Total Cost": 0.26,
                                        "Plan Rows": 1,
                                        "Plan Width": 32,
                                        "Actual Startup Time": 0,
                                        "Actual Total Time": 0,
                                        "Actual Rows": 0,
                                        "Actual Loops": 0,
                                        "Index Cond": "(id = i.product_id)",
                                        "Rows Removed by Index Recheck": 0,
                                        "Shared Hit Blocks": 0,
                                        "Shared Read Blocks": 0,
                                        "Shared Dirtied Blocks": 0,
                                        "Shared Written Blocks": 0,
                                        "Local Hit Blocks": 0,
                                        "Local Read Blocks": 0,
                                        "Local Dirtied Blocks": 0,
                                        "Local Written Blocks": 0,
                                        "Temp Read Blocks": 0,
                                        "Temp Written Blocks": 0
                                      }
                                    ]
                                  },
                                  {
                                    "Node Type": "Index Scan",
                                    "Parent Relationship": "Inner",
                                    "Parallel Aware": false,
                                    "Async Capable": false,
                                    "Scan Direction": "Forward",
                                    "Index Name": "PK_9c4e4a89e3674fc9f382d733f03",
                                    "Relation Name": "category",
                                    "Alias": "c",
                                    "Startup Cost": 0.14,
                                    "Total Cost": 0.56,
                                    "Plan Rows": 1,
                                    "Plan Width": 234,
                                    "Actual Startup Time": 0,
                                    "Actual Total Time": 0,
                                    "Actual Rows": 0,
                                    "Actual Loops": 0,
                                    "Index Cond": "(id = p.category_id)",
                                    "Rows Removed by Index Recheck": 0,
                                    "Shared Hit Blocks": 0,
                                    "Shared Read Blocks": 0,
                                    "Shared Dirtied Blocks": 0,
                                    "Shared Written Blocks": 0,
                                    "Local Hit Blocks": 0,
                                    "Local Read Blocks": 0,
                                    "Local Dirtied Blocks": 0,
                                    "Local Written Blocks": 0,
                                    "Temp Read Blocks": 0,
                                    "Temp Written Blocks": 0
                                  }
                                ]
                              }
                            ]
                          }
                        ]
                      }
                    ]
                  }
                ]
              }
            ]
          },
          "Planning": {
            "Shared Hit Blocks": 313,
            "Shared Read Blocks": 0,
            "Shared Dirtied Blocks": 0,
            "Shared Written Blocks": 0,
            "Local Hit Blocks": 0,
            "Local Read Blocks": 0,
            "Local Dirtied Blocks": 0,
            "Local Written Blocks": 0,
            "Temp Read Blocks": 0,
            "Temp Written Blocks": 0
          },
          "Planning Time": 4.497,
          "Triggers": [],
          "Execution Time": 0.573
        }
      ]
    },
    {
      "name": "dashboard.sales.summary",
      "sql": "SELECT *\n    FROM sales_summary_view\n    \n    ORDER BY date DESC",
      "params": [],
      "summary": {
        "executionTimeMs": 0.25,
        "planningTimeMs": 4.01,
        "sharedHitBlocks": 1,
        "sharedReadBlocks": 0,
        "planRows": 2,
        "actualRows": 0,
        "nodeType": "Sort"
      },
      "plan": [
        {
          "Plan": {
            "Node Type": "Sort",
            "Parallel Aware": false,
            "Async Capable": false,
            "Startup Cost": 52.64,
            "Total Cost": 52.64,
            "Plan Rows": 2,
            "Plan Width": 248,
            "Actual Startup Time": 0.051,
            "Actual Total Time": 0.054,
            "Actual Rows": 0,
            "Actual Loops": 1,
            "Sort Key": [
              "(date(o.create_date)) DESC"
            ],
            "Sort Method": "quicksort",
            "Sort Space Used": 25,
            "Sort Space Type": "Memory",
            "Shared Hit Blocks": 1,
            "Shared Read Blocks": 0,
            "Shared Dirtied Blocks": 0,
            "Shared Written Blocks": 0,
            "Local Hit Blocks": 0,
            "Local Read Blocks": 0,
            "Local Dirtied Blocks": 0,
            "Local Written Blocks": 0,
            "Temp Read Blocks": 0,
            "Temp Written Blocks": 0,
            "Plans": [
              {
                "Node Type": "Merge Join",
                "Parent Relationship": "Outer",
                "Parallel Aware": false,
                "Async Capable": false,
                "Join Type": "Left",
                "Startup Cost": 52.34,
                "Total Cost": 52.61,
                "Plan Rows": 2,
                "Plan Width": 248,
                "Actual Startup Time": 0.032,
                "Actual Total Time": 0.035,
                "Actual Rows": 0,
                "Actual Loops": 1,
                "Inner Unique": true,
                "Merge Cond": "((o.branch_id = o_1.branch_id) AND ((date(o.create_date)) = (date(o_1.create_date))))",
                "Shared Hit Blocks": 1,
                "Shared Read Blocks": 0,
                "Shared Dirtied Blocks": 0,
                "Shared Written Blocks": 0,
                "Local Hit Blocks": 0,
                "Local Read Blocks": 0,
                "Local Dirtied Blocks": 0,
                "Local Written Blocks": 0,
                "Temp Read Blocks": 0,
                "Temp Written Blocks": 0,
                "Plans": [
                  {
                    "Node Type": "Aggregate",
                    "Strategy": "Sorted",
                    "Partial Mode": "Simple",
                    "Parent Relationship": "Outer",
                    "Parallel Aware": false,
                    "Async Capable": false,
                    "Startup Cost": 12.02,
                    "Total Cost": 12.09,
                    "Plan Rows": 2,
                    "Plan Width": 88,
                    "Actual Startup Time": 0.031,
                    "Actual Total Time": 0.032,
                    "Actual Rows": 0,
                    "Actual Loops": 1,
                    "Group Key": [
                      "o.branch_id",
                      "(date(o.create_date))"
                    ],
                    "Shared Hit Blocks": 1,
                    "Shared Read Blocks": 0,
                    "Shared Dirtied Blocks": 0,
                    "Shared Written Blocks": 0,
                    "Local Hit Blocks": 0,
                    "Local Read Blocks": 0,
                    "Local Dirtied Blocks": 0,
                    "Local Written Blocks": 0,
                    "Temp Read Blocks": 0,
                    "Temp Written Blocks": 0,
                    "Plans": [
                      {
                        "Node Type": "Sort",
                        "Parent Relationship": "Outer",
                        "Parallel Aware": false,
                        "Async Capable": false,
                        "Startup Cost": 12.02,
                        "Total Cost": 12.02,
                        "Plan Rows": 2,
                        "Plan Width": 52,
                        "Actual Startup Time": 0.03,
                        "Actual Total Time": 0.031,
                        "Actual Rows": 0,
                        "Actual Loops": 1,
                        "Sort Key": [
                          "o.branch_id",
                          "(date(o.create_date))"
                        ],
                        "Sort Method": "quicksort",
                        "Sort Space Used": 25,
                        "Sort Space Type": "Memory",
                        "Shared Hit Blocks": 1,
                        "Shared Read Blocks": 0,
                        "Shared Dirtied Blocks": 0,
                        "Shared Written Blocks": 0,
                        "Local Hit Blocks": 0,
                        "Local Read Blocks": 0,
                        "Local Dirtied Blocks": 0,
                        "Local Written Blocks": 0,
                        "Temp Read Blocks": 0,
                        "Temp Written Blocks": 0,
                        "Plans": [
                          {
                            "Node Type": "Seq Scan",
                            "Parent Relationship": "Outer",
                            "Parallel Aware": false,
                            "Async Capable": false,
                            "Relation Name": "sales_orders",
                            "Alias": "o",
                            "Startup Cost": 0,
                            "Total Cost": 12.01,
                            "Plan Rows": 2,
                            "Plan Width": 52,
                            "Actual Startup Time": 0.011,
                            "Actual Total Time": 0.011,
                            "Actual Rows": 0,
                            "Actual Loops": 1,
                            "Filter": "(status = ANY ('{Paid,Completed}'::sales_orders_status_enum[]))",
                            "Rows Removed by Filter": 0,
                            "Shared Hit Blocks": 1,
                            "Shared Read Blocks": 0,
                            "Shared Dirtied Blocks": 0,
                            "Shared Written Blocks": 0,
                            "Local Hit Blocks": 0,
                            "Local Read Blocks": 0,
                            "Local Dirtied Blocks": 0,
                            "Local Written Blocks": 0,
                            "Temp Read Blocks": 0,
                            "Temp Written Blocks": 0
                          }
                        ]
                      }
                    ]
                  },
                  {
                    "Node Type": "Aggregate",
                    "Strategy": "Sorted",
                    "Partial Mode": "Simple",
                    "Parent Relationship": "Inner",
                    "Parallel Aware": false,
                    "Async Capable": false,
                    "Startup Cost": 40.32,
                    "Total Cost": 40.45,
                    "Plan Rows": 2,
                    "Plan Width": 180,
                    "Actual Startup Time": 0,
                    "Actual Total Time": 0,
                    "Actual Rows": 0,
                    "Actual Loops": 0,
                    "Group Key": [
                      "o_1.branch_id",
                      "(date(o_1.create_date))"
                    ],
                    "Shared Hit Blocks": 0,
                    "Shared Read Blocks": 0,
                    "Shared Dirtied Blocks": 0,
                    "Shared Written Blocks": 0,
                    "Local Hit Blocks": 0,
                    "Local Read Blocks": 0,
                    "Local Dirtied Blocks": 0,
                    "Local Written Blocks": 0,
                    "Temp Read Blocks": 0,
                    "Temp Written Blocks": 0,
                    "Plans": [
                      {
                        "Node Type": "Sort",
                        "Parent Relationship": "Outer",
                        "Parallel Aware": false,
                        "Async Capable": false,
                        "Startup Cost": 40.32,
                        "Total Cost": 40.33,
                        "Plan Rows": 2,
                        "Plan Width": 476,
                        "Actual Startup Time": 0,
                        "Actual Total Time": 0,
                        "Actual Rows": 0,
                        "Actual Loops": 0,
                        "Sort Key": [
                          "o_1.branch_id",
                          "(date(o_1.create_date))"
                        ],
                        "Shared Hit Blocks": 0,
                        "Shared Read Blocks": 0,
                        "Shared Dirtied Blocks": 0,
                        "Shared Written Blocks": 0,
                        "Local Hit Blocks": 0,
                        "Local Read Blocks": 0,
                        "Local Dirtied Blocks": 0,
                        "Local Written Blocks": 0,
                        "Temp Read Blocks": 0,
                        "Temp Written Blocks": 0,
                        "Plans": [
                          {
                            "Node Type": "Nested Loop",
                            "Parent Relationship": "Outer",
                            "Parallel Aware": false,
                            "Async Capable": false,
                            "Join Type": "Left",
                            "Startup Cost": 16.02,
                            "Total Cost": 40.31,
                            "Plan Rows": 2,
                            "Plan Width": 476,
                            "Actual Startup Time": 0,
                            "Actual Total Time": 0,
                            "Actual Rows": 0,
                            "Actual Loops": 0,
                            "Inner Unique": false,
                            "Join Filter": "(p.order_id = o_1.id)",
                            "Rows Removed by Join Filter": 0,
                            "Shared Hit Blocks": 0,
                            "Shared Read Blocks": 0,
                            "Shared Dirtied Blocks": 0,
                            "Shared Written Blocks": 0,
                            "Local Hit Blocks": 0,
                            "Local Read Blocks": 0,
                            "Local Dirtied Blocks": 0,
                            "Local Written Blocks": 0,
                            "Temp Read Blocks": 0,
                            "Temp Written Blocks": 0,
                            "Plans": [
                              {
                                "Node Type": "Seq Scan",
                                "Parent Relationship": "Outer",
                                "Parallel Aware": false,
                                "Async Capable": false,
                                "Relation Name": "sales_orders",
                                "Alias": "o_1",
                                "Startup Cost": 0,
                                "Total Cost": 12,
                                "Plan Rows": 2,
                                "Plan Width": 44,
                                "Actual Startup Time": 0,
                                "Actual Total Time": 0,
                                "Actual Rows": 0,
                                "Actual Loops": 0,
                                "Filter": "(status = ANY ('{Paid,Completed}'::sales_orders_status_enum[]))",
                                "Rows Removed by Filter": 0,
                                "Shared Hit Blocks": 0,
                                "Shared Read Blocks": 0,
                                "Shared Dirtied Blocks": 0,
                                "Shared Written Blocks": 0,
                                "Local Hit Blocks": 0,
                                "Local Read Blocks": 0,
                                "Local Dirtied Blocks": 0,
                                "Local Written Blocks": 0,
                                "Temp Read Blocks": 0,
                                "Temp Written Blocks": 0
                              },
                              {
                                "Node Type": "Materialize",
                                "Parent Relationship": "Inner",
                                "Parallel Aware": false,
                                "Async Capable": false,
                                "Startup Cost": 16.02,
                                "Total Cost": 28.25,
                                "Plan Rows": 2,
                                "Plan Width": 468,
                                "Actual Startup Time": 0,
                                "Actual Total Time": 0,
                                "Actual Rows": 0,
                                "Actual Loops": 0,
                                "Shared Hit Blocks": 0,
                                "Shared Read Blocks": 0,
                                "Shared Dirtied Blocks": 0,
                                "Shared Written Blocks": 0,
                                "Local Hit Blocks": 0,
                                "Local Read Blocks": 0,
                                "Local Dirtied Blocks": 0,
                                "Local Written Blocks": 0,
                                "Temp Read Blocks": 0,
                                "Temp Written Blocks": 0,
                                "Plans": [
                                  {
                                    "Node Type": "Hash Join",
                                    "Parent Relationship": "Outer",
                                    "Parallel Aware": false,
                                    "Async Capable": false,
                                    "Join Type": "Right",
                                    "Startup Cost": 16.02,
                                    "Total Cost": 28.24,
                                    "Plan Rows": 2,
                                    "Plan Width": 468,
                                    "Actual Startup Time": 0,
                                    "Actual Total Time": 0,
                                    "Actual Rows": 0,
                                    "Actual Loops": 0,
                                    "Inner Unique": false,
                                    "Hash Cond": "(pm.id = p.payment_method_id)",
                                    "Shared Hit Blocks": 0,
                                    "Shared Read Blocks": 0,
                                    "Shared Dirtied Blocks": 0,
                                    "Shared Written Blocks": 0,
                                    "Local Hit Blocks": 0,
                                    "Local Read Blocks": 0,
                                    "Local Dirtied Blocks": 0,
                                    "Local Written Blocks": 0,
                                    "Temp Read Blocks": 0,
                                    "Temp Written Blocks": 0,
                                    "Plans": [
                                      {
                                        "Node Type": "Seq Scan",
                                        "Parent Relationship": "Outer",
                                        "Parallel Aware": false,
                                        "Async Capable": false,
                                        "Relation Name": "payment_method",
                                        "Alias": "pm",
                                        "Startup Cost": 0,
                                        "Total Cost": 11.6,
                                        "Plan Rows": 160,
                                        "Plan Width": 452,
                                        "Actual Startup Time": 0,
                                        "Actual Total Time": 0,
                                        "Actual Rows": 0,
                                        "Actual Loops": 0,
                                        "Shared Hit Blocks": 0,
                                        "Shared Read Blocks": 0,
                                        "Shared Dirtied Blocks": 0,
                                        "Shared Written Blocks": 0,
                                        "Local Hit Blocks": 0,
                                        "Local Read Blocks": 0,
                                        "Local Dirtied Blocks": 0,
                                        "Local Written Blocks": 0,
                                        "Temp Read Blocks": 0,
                                        "Temp Written Blocks": 0
                                      },
                                      {
                                        "Node Type": "Hash",
                                        "Parent Relationship": "Inner",
                                        "Parallel Aware": false,
                                        "Async Capable": false,
                                        "Startup Cost": 16,
                                        "Total Cost": 16,
                                        "Plan Rows": 2,
                                        "Plan Width": 48,
                                        "Actual Startup Time": 0,
                                        "Actual Total Time": 0,
                                        "Actual Rows": 0,
                                        "Actual Loops": 0,
                                        "Shared Hit Blocks": 0,
                                        "Shared Read Blocks": 0,
                                        "Shared Dirtied Blocks": 0,
                                        "Shared Written Blocks": 0,
                                        "Local Hit Blocks": 0,
                                        "Local Read Blocks": 0,
                                        "Local Dirtied Blocks": 0,
                                        "Local Written Blocks": 0,
                                        "Temp Read Blocks": 0,
                                        "Temp Written Blocks": 0,
                                        "Plans": [
                                          {
                                            "Node Type": "Seq Scan",
                                            "Parent Relationship": "Outer",
                                            "Parallel Aware": false,
                                            "Async Capable": false,
                                            "Relation Name": "payments",
                                            "Alias": "p",
                                            "Startup Cost": 0,
                                            "Total Cost": 16,
                                            "Plan Rows": 2,
                                            "Plan Width": 48,
                                            "Actual Startup Time": 0,
                                            "Actual Total Time": 0,
                                            "Actual Rows": 0,
                                            "Actual Loops": 0,
                                            "Filter": "(status = 'Success'::payments_status_enum)",
                                            "Rows Removed by Filter": 0,
                                            "Shared Hit Blocks": 0,
                                            "Shared Read Blocks": 0,
                                            "Shared Dirtied Blocks": 0,
                                            "Shared Written Blocks": 0,
                                            "Local Hit Blocks": 0,
                                            "Local Read Blocks": 0,
                                            "Local Dirtied Blocks": 0,
                                            "Local Written Blocks": 0,
                                            "Temp Read Blocks": 0,
                                            "Temp Written Blocks": 0
                                          }
                                        ]
                                      }
                                    ]
                                  }
                                ]
                              }
                            ]
                          }
                        ]
                      }
                    ]
                  }
                ]
              }
            ]
          },
          "Planning": {
            "Shared Hit Blocks": 291,
            "Shared Read Blocks": 0,
            "Shared Dirtied Blocks": 0,
            "Shared Written Blocks": 0,
            "Local Hit Blocks": 0,
            "Local Read Blocks": 0,
            "Local Dirtied Blocks": 0,
            "Local Written Blocks": 0,
            "Temp Read Blocks": 0,
            "Temp Written Blocks": 0
          },
          "Planning Time": 4.01,
          "Triggers": [],
          "Execution Time": 0.25
        }
      ]
    },
    {
      "name": "dashboard.top-items",
      "sql": "SELECT *\n    FROM top_selling_items_view\n    \n    ORDER BY total_quantity DESC\n    LIMIT $1",
      "params": [
        10
      ],
      "summary": {
        "executionTimeMs": 0.192,
        "planningTimeMs": 0.555,
        "sharedHitBlocks": 7,
        "sharedReadBlocks": 0,
        "planRows": 6,
        "actualRows": 0,
        "nodeType": "Limit"
      },
      "plan": [
        {
          "Plan": {
            "Node Type": "Limit",
            "Parallel Aware": false,
            "Async Capable": false,
            "Startup Cost": 33.05,
            "Total Cost": 33.06,
            "Plan Rows": 6,
            "Plan Width": 338,
            "Actual Startup Time": 0.085,
            "Actual Total Time": 0.086,
            "Actual Rows": 0,
            "Actual Loops": 1,
            "Shared Hit Blocks": 7,
            "Shared Read Blocks": 0,
            "Shared Dirtied Blocks": 0,
            "Shared Written Blocks": 0,
            "Local Hit Blocks": 0,
            "Local Read Blocks": 0,
            "Local Dirtied Blocks": 0,
            "Local Written Blocks": 0,
            "Temp Read Blocks": 0,
            "Temp Written Blocks": 0,
            "Plans": [
              {
                "Node Type": "Sort",
                "Parent Relationship": "Outer",
                "Parallel Aware": false,
                "Async Capable": false,
                "Startup Cost": 33.05,
                "Total Cost": 33.06,
                "Plan Rows": 6,
                "Plan Width": 338,
                "Actual Startup Time": 0.084,
                "Actual Total Time": 0.085,
                "Actual Rows": 0,
                "Actual Loops": 1,
                "Sort Key": [
                  "(sum(oi.quantity)) DESC"
                ],
                "Sort Method": "quicksort",
                "Sort Space Used": 25,
                "Sort Space Type": "Memory",
                "Shared Hit Blocks": 7,
                "Shared Read Blocks": 0,
                "Shared Dirtied Blocks": 0,
                "Shared Written Blocks": 0,
                "Local Hit Blocks": 0,
                "Local Read Blocks": 0,
                "Local Dirtied Blocks": 0,
                "Local Written Blocks": 0,
                "Temp Read Blocks": 0,
                "Temp Written Blocks": 0,
                "Plans": [
                  {
                    "Node Type": "Aggregate",
                    "Strategy": "Sorted",
                    "Partial Mode": "Simple",
                    "Parent Relationship": "Outer",
                    "Parallel Aware": false,
                    "Async Capable": false,
                    "Startup Cost": 32.71,
                    "Total Cost": 32.91,
                    "Plan Rows": 6,
                    "Plan Width": 338,
                    "Actual Startup Time": 0.044,
                    "Actual Total Time": 0.045,
                    "Actual Rows": 0,
                    "Actual Loops": 1,
                    "Group Key": [
                      "o.branch_id",
                      "oi.product_id",
                      "p.display_name",
                      "p.img_url",
                      "p.category_id"
                    ],
                    "Shared Hit Blocks": 4,
                    "Shared Read Blocks": 0,
                    "Shared Dirtied Blocks": 0,
                    "Shared Written Blocks": 0,
                    "Local Hit Blocks": 0,
                    "Local Read Blocks": 0,
                    "Local Dirtied Blocks": 0,
                    "Local Written Blocks": 0,
                    "Temp Read Blocks": 0,
                    "Temp Written Blocks": 0,
                    "Plans": [
                      {
                        "Node Type": "Sort",
                        "Parent Relationship": "Outer",
                        "Parallel Aware": false,
                        "Async Capable": false,
                        "Startup Cost": 32.71,
                        "Total Cost": 32.73,
                        "Plan Rows": 6,
                        "Plan Width": 318,
                        "Actual Startup Time": 0.043,
                        "Actual Total Time": 0.044,
                        "Actual Rows": 0,
                        "Actual Loops": 1,
                        "Sort Key": [
                          "o.branch_id",
                          "oi.product_id",
                          "p.display_name",
                          "p.img_url",
                          "p.category_id"
                        ],
                        "Sort Method": "quicksort",
                        "Sort Space Used": 25,
                        "Sort Space Type": "Memory",
                        "Shared Hit Blocks": 4,
                        "Shared Read Blocks": 0,
                        "Shared Dirtied Blocks": 0,
                        "Shared Written Blocks": 0,
                        "Local Hit Blocks": 0,
                        "Local Read Blocks": 0,
                        "Local Dirtied Blocks": 0,
                        "Local Written Blocks": 0,
                        "Temp Read Blocks": 0,
                        "Temp Written Blocks": 0,
                        "Plans": [
                          {
                            "Node Type": "Nested Loop",
                            "Parent Relationship": "Outer",
                            "Parallel Aware": false,
                            "Async Capable": false,
                            "Join Type": "Left",
                            "Startup Cost": 4.31,
                            "Total Cost": 32.64,
                            "Plan Rows": 6,
                            "Plan Width": 318,
                            "Actual Startup Time": 0.006,
                            "Actual Total Time": 0.006,
                            "Actual Rows": 0,
                            "Actual Loops": 1,
                            "Inner Unique": true,
                            "Shared Hit Blocks": 1,
                            "Shared Read Blocks": 0,
                            "Shared Dirtied Blocks": 0,
                            "Shared Written Blocks": 0,
                            "Local Hit Blocks": 0,
                            "Local Read Blocks": 0,
                            "Local Dirtied Blocks": 0,
                            "Local Written Blocks": 0,
                            "Temp Read Blocks": 0,
                            "Temp Written Blocks": 0,
                            "Plans": [
                              {
                                "Node Type": "Nested Loop",
                                "Parent Relationship": "Outer",
                                "Parallel Aware": false,
                                "Async Capable": false,
                                "Join Type": "Inner",
                                "Startup Cost": 4.16,
                                "Total Cost": 31.08,
                                "Plan Rows": 6,
                                "Plan Width": 52,
                                "Actual Startup Time": 0.005,
                                "Actual Total Time": 0.006,
                                "Actual Rows": 0,
                                "Actual Loops": 1,
                                "Inner Unique": false,
                                "Shared Hit Blocks": 1,
                                "Shared Read Blocks": 0,
                                "Shared Dirtied Blocks": 0,
                                "Shared Written Blocks": 0,
                                "Local Hit Blocks": 0,
                                "Local Read Blocks": 0,
                                "Local Dirtied Blocks": 0,
                                "Local Written Blocks": 0,
                                "Temp Read Blocks": 0,
                                "Temp Written Blocks": 0,
                                "Plans": [
                                  {
                                    "Node Type": "Seq Scan",
                                    "Parent Relationship": "Outer",
                                    "Parallel Aware": false,
                                    "Async Capable": false,
                                    "Relation Name": "sales_orders",
                                    "Alias": "o",
                                    "Startup Cost": 0,
                                    "Total Cost": 12,
                                    "Plan Rows": 2,
                                    "Plan Width": 32,
                                    "Actual Startup Time": 0.005,
                                    "Actual Total Time": 0.005,
                                    "Actual Rows": 0,
                                    "Actual Loops": 1,
                                    "Filter": "(status = ANY ('{Paid,Completed}'::sales_orders_status_enum[]))",
                                    "Rows Removed by Filter": 0,
                                    "Shared Hit Blocks": 1,
                                    "Shared Read Blocks": 0,
                                    "Shared Dirtied Blocks": 0,
                                    "Shared Written Blocks": 0,
                                    "Local Hit Blocks": 0,
                                    "Local Read Blocks": 0,
                                    "Local Dirtied Blocks": 0,
                                    "Local Written Blocks": 0,
                                    "Temp Read Blocks": 0,
                                    "Temp Written Blocks": 0
                                  },
                                  {
                                    "Node Type": "Bitmap Heap Scan",
                                    "Parent Relationship": "Inner",
                                    "Parallel Aware": false,
                                    "Async Capable": false,
                                    "Relation Name": "sales_order_item",
                                    "Alias": "oi",
                                    "Startup Cost": 4.16,
                                    "Total Cost": 9.52,
                                    "Plan Rows": 2,
                                    "Plan Width": 52,
                                    "Actual Startup Time": 0,
                                    "Actual Total Time": 0,
                                    "Actual Rows": 0,
                                    "Actual Loops": 0,
                                    "Recheck Cond": "(order_id = o.id)",
                                    "Rows Removed by Index Recheck": 0,
                                    "Filter": "((status)::text <> ALL ('{Cancelled,cancelled}'::text[]))",
                                    "Rows Removed by Filter": 0,
                                    "Exact Heap Blocks": 0,
                                    "Lossy Heap Blocks": 0,
                                    "Shared Hit Blocks": 0,
                                    "Shared Read Blocks": 0,
                                    "Shared Dirtied Blocks": 0,
                                    "Shared Written Blocks": 0,
                                    "Local Hit Blocks": 0,
                                    "Local Read Blocks": 0,
                                    "Local Dirtied Blocks": 0,
                                    "Local Written Blocks": 0,
                                    "Temp Read Blocks": 0,
                                    "Temp Written Blocks": 0,
                                    "Plans": [
                                      {
                                        "Node Type": "Bitmap Index Scan",
                                        "Parent Relationship": "Outer",
                                        "Parallel Aware": false,
                                        "Async Capable": false,
                                        "Index Name": "IDX_4759a2cc727c8989652f479c64",
                                        "Startup Cost": 0,
                                        "Total Cost": 4.16,
                                        "Plan Rows": 2,
                                        "Plan Width": 0,
                                        "Actual Startup Time": 0,
                                        "Actual Total Time": 0,
                                        "Actual Rows": 0,
                                        "Actual Loops": 0,
                                        "Index Cond": "(order_id = o.id)",
                                        "Shared Hit Blocks": 0,
                                        "Shared Read Blocks": 0,
                                        "Shared Dirtied Blocks": 0,
                                        "Shared Written Blocks": 0,
                                        "Local Hit Blocks": 0,
                                        "Local Read Blocks": 0,
                                        "Local Dirtied Blocks": 0,
                                        "Local Written Blocks": 0,
                                        "Temp Read Blocks": 0,
                                        "Temp Written Blocks": 0
                                      }
                                    ]
                                  }
                                ]
                              },
                              {
                                "Node Type": "Index Scan",
                                "Parent Relationship": "Inner",
                                "Parallel Aware": false,
                                "Async Capable": false,
                                "Scan Direction": "Forward",
                                "Index Name": "PK_0806c755e0aca124e67c0cf6d7d",
                                "Relation Name": "products",
                                "Alias": "p",
                                "Startup Cost": 0.14,
                                "Total Cost": 0.26,
                                "Plan Rows": 1,
                                "Plan Width": 282,
                                "Actual Startup Time": 0,
                                "Actual Total Time": 0,
                                "Actual Rows": 0,
                                "Actual Loops": 0,
                                "Index Cond": "(id = oi.product_id)",
                                "Rows Removed by Index Recheck": 0,
                                "Shared Hit Blocks": 0,
                                "Shared Read Blocks": 0,
                                "Shared Dirtied Blocks": 0,
                                "Shared Written Blocks": 0,
                                "Local Hit Blocks": 0,
                                "Local Read Blocks": 0,
                                "Local Dirtied Blocks": 0,
                                "Local Written Blocks": 0,
                                "Temp Read Blocks": 0,
                                "Temp Written Blocks": 0
                              }
                            ]
                          }
                        ]
                      }
                    ]
                  }
                ]
              }
            ]
          },
          "Planning": {
            "Shared Hit Blocks": 21,
            "Shared Read Blocks": 0,
            "Shared Dirtied Blocks": 0,
            "Shared Written Blocks": 0,
            "Local Hit Blocks": 0,
            "Local Read Blocks": 0,
            "Local Dirtied Blocks": 0,
            "Local Written Blocks": 0,
            "Temp Read Blocks": 0,
            "Temp Written Blocks": 0
          },
          "Planning Time": 0.555,
          "Triggers": [],
          "Execution Time": 0.192
        }
      ]
    }
  ]
}